INFO 2025-11-15 01:03:01,004 autoreload Watching for file changes with StatReloader
INFO 2025-11-15 23:02:47,818 autoreload Watching for file changes with StatReloader
WARNING 2025-11-15 23:02:51,599 log Not Found: /
WARNING 2025-11-15 23:02:51,600 basehttp "GET / HTTP/1.1" 404 3117
WARNING 2025-11-15 23:02:51,871 log Not Found: /favicon.ico
WARNING 2025-11-15 23:02:51,871 basehttp "GET /favicon.ico HTTP/1.1" 404 3168
INFO 2025-11-15 23:02:59,497 basehttp "GET /api/docs/ HTTP/1.1" 200 4639
INFO 2025-11-15 23:03:03,284 basehttp "GET /api/schema/ HTTP/1.1" 200 118791
INFO 2025-11-15 23:20:21,119 basehttp "GET /api/events/ HTTP/1.1" 200 2546
INFO 2025-11-15 23:20:21,204 basehttp "GET /api/events/ HTTP/1.1" 200 2546
INFO 2025-11-15 23:22:34,702 basehttp "OPTIONS /api/users/login/ HTTP/1.1" 200 0
WARNING 2025-11-15 23:22:35,112 log Unauthorized: /api/users/login/
WARNING 2025-11-15 23:22:35,113 basehttp "POST /api/users/login/ HTTP/1.1" 401 31
WARNING 2025-11-15 23:22:52,328 log Forbidden: /api/users/login/
WARNING 2025-11-15 23:22:52,328 basehttp "POST /api/users/login/ HTTP/1.1" 403 76
INFO 2025-11-15 23:23:45,944 basehttp "OPTIONS /api/users/register/ HTTP/1.1" 200 0
WARNING 2025-11-15 23:23:45,995 log Bad Request: /api/users/register/
WARNING 2025-11-15 23:23:45,996 basehttp "POST /api/users/register/ HTTP/1.1" 400 48
WARNING 2025-11-15 23:23:49,603 log Bad Request: /api/users/register/
WARNING 2025-11-15 23:23:49,603 basehttp "POST /api/users/register/ HTTP/1.1" 400 48
INFO 2025-11-15 23:26:04,299 basehttp "GET /api/events/ HTTP/1.1" 200 2546
INFO 2025-11-15 23:26:04,391 basehttp "GET /api/events/ HTTP/1.1" 200 2546
INFO 2025-11-15 23:26:26,663 basehttp "POST /api/users/login/ HTTP/1.1" 200 154
INFO 2025-11-15 23:27:12,428 basehttp "GET /api/events/ HTTP/1.1" 200 8584
INFO 2025-11-15 23:27:12,538 basehttp "GET /api/events/ HTTP/1.1" 200 8584
INFO 2025-11-15 23:55:21,610 basehttp "OPTIONS /api/tipos-boletas/ HTTP/1.1" 200 0
INFO 2025-11-15 23:55:21,614 basehttp "OPTIONS /api/tipos-boletas/ HTTP/1.1" 200 0
WARNING 2025-11-15 23:55:21,623 log Not Found: /api/tipos-boletas/
WARNING 2025-11-15 23:55:21,625 basehttp "GET /api/tipos-boletas/ HTTP/1.1" 404 10842
WARNING 2025-11-15 23:55:21,630 log Not Found: /api/tipos-boletas/
WARNING 2025-11-15 23:55:21,631 basehttp "GET /api/tipos-boletas/ HTTP/1.1" 404 10842
WARNING 2025-11-15 23:55:25,990 log Not Found: /api/tipos-boletas/
WARNING 2025-11-15 23:55:25,991 basehttp "GET /api/tipos-boletas/ HTTP/1.1" 404 10842
WARNING 2025-11-15 23:55:25,997 log Not Found: /api/tipos-boletas/
WARNING 2025-11-15 23:55:25,998 basehttp "GET /api/tipos-boletas/ HTTP/1.1" 404 10842
WARNING 2025-11-15 23:55:34,661 log Not Found: /api/tipos-boletas/
WARNING 2025-11-15 23:55:34,662 basehttp "GET /api/tipos-boletas/ HTTP/1.1" 404 10842
WARNING 2025-11-15 23:55:34,669 log Not Found: /api/tipos-boletas/
WARNING 2025-11-15 23:55:34,670 basehttp "GET /api/tipos-boletas/ HTTP/1.1" 404 10842
WARNING 2025-11-15 23:57:24,826 log Not Found: /api/tipos-boletas/
WARNING 2025-11-15 23:57:24,826 basehttp "GET /api/tipos-boletas/ HTTP/1.1" 404 10842
WARNING 2025-11-15 23:57:24,836 log Not Found: /api/tipos-boletas/
WARNING 2025-11-15 23:57:24,836 basehttp "GET /api/tipos-boletas/ HTTP/1.1" 404 10842
WARNING 2025-11-16 00:05:54,122 log Not Found: /api/tipos-boletas/
WARNING 2025-11-16 00:05:54,123 basehttp "GET /api/tipos-boletas/ HTTP/1.1" 404 10842
INFO 2025-11-16 00:06:44,533 basehttp "OPTIONS /api/ticket-types/ HTTP/1.1" 200 0
INFO 2025-11-16 00:06:44,534 basehttp "OPTIONS /api/ticket-types/ HTTP/1.1" 200 0
INFO 2025-11-16 00:06:44,623 basehttp "GET /api/ticket-types/ HTTP/1.1" 200 396
INFO 2025-11-16 00:06:44,677 basehttp "GET /api/ticket-types/ HTTP/1.1" 200 396
WARNING 2025-11-16 00:07:13,715 log Not Found: /api/tipos-boletas/
WARNING 2025-11-16 00:07:13,715 basehttp "POST /api/tipos-boletas/ HTTP/1.1" 404 10843
INFO 2025-11-16 00:08:28,650 basehttp "GET /api/ticket-types/ HTTP/1.1" 200 396
INFO 2025-11-16 00:08:28,710 basehttp "GET /api/ticket-types/ HTTP/1.1" 200 396
WARNING 2025-11-16 00:08:38,859 log Forbidden: /api/ticket-types/
WARNING 2025-11-16 00:08:38,860 basehttp "POST /api/ticket-types/ HTTP/1.1" 403 63
INFO 2025-11-16 00:08:57,502 basehttp "GET /api/docs/ HTTP/1.1" 200 4639
INFO 2025-11-16 00:09:00,786 basehttp "GET /admin/ HTTP/1.1" 302 0
INFO 2025-11-16 00:09:00,939 basehttp "GET /admin/login/?next=/admin/ HTTP/1.1" 200 4170
INFO 2025-11-16 00:09:01,149 basehttp "GET /static/admin/css/dark_mode.css HTTP/1.1" 200 2808
INFO 2025-11-16 00:09:01,160 basehttp "GET /static/admin/js/theme.js HTTP/1.1" 200 1653
INFO 2025-11-16 00:09:01,165 basehttp "GET /static/admin/css/login.css HTTP/1.1" 200 951
INFO 2025-11-16 00:09:01,165 basehttp "GET /static/admin/css/base.css HTTP/1.1" 200 22120
INFO 2025-11-16 00:09:01,165 basehttp "GET /static/admin/css/responsive.css HTTP/1.1" 200 16565
INFO 2025-11-16 00:09:01,169 basehttp "GET /static/admin/css/nav_sidebar.css HTTP/1.1" 200 2810
INFO 2025-11-16 00:09:01,192 basehttp "GET /static/admin/js/nav_sidebar.js HTTP/1.1" 200 3063
INFO 2025-11-16 00:09:03,356 basehttp "POST /admin/login/?next=/admin/ HTTP/1.1" 302 0
INFO 2025-11-16 00:09:03,447 basehttp "GET /admin/ HTTP/1.1" 200 10679
INFO 2025-11-16 00:09:03,498 basehttp "GET /static/admin/css/dashboard.css HTTP/1.1" 200 441
INFO 2025-11-16 00:09:03,502 basehttp "GET /static/admin/img/icon-addlink.svg HTTP/1.1" 200 331
INFO 2025-11-16 00:09:03,502 basehttp "GET /static/admin/img/icon-changelink.svg HTTP/1.1" 200 380
INFO 2025-11-16 00:09:08,332 basehttp "GET /admin/usuarios/customuser/ HTTP/1.1" 200 21346
INFO 2025-11-16 00:09:08,387 basehttp "GET /static/admin/css/changelists.css HTTP/1.1" 200 6878
INFO 2025-11-16 00:09:08,393 basehttp "GET /static/admin/js/jquery.init.js HTTP/1.1" 200 347
INFO 2025-11-16 00:09:08,401 basehttp "GET /static/admin/js/core.js HTTP/1.1" 200 6208
INFO 2025-11-16 00:09:08,401 basehttp "GET /static/admin/js/admin/RelatedObjectLookups.js HTTP/1.1" 200 9777
INFO 2025-11-16 00:09:08,418 basehttp "GET /static/admin/js/actions.js HTTP/1.1" 200 8076
INFO 2025-11-16 00:09:08,438 basehttp "GET /static/admin/img/search.svg HTTP/1.1" 200 458
INFO 2025-11-16 00:09:08,443 basehttp "GET /static/admin/js/urlify.js HTTP/1.1" 200 7887
INFO 2025-11-16 00:09:08,443 basehttp "GET /static/admin/js/prepopulate.js HTTP/1.1" 200 1531
INFO 2025-11-16 00:09:08,445 basehttp "GET /static/admin/js/vendor/jquery/jquery.js HTTP/1.1" 200 285314
INFO 2025-11-16 00:09:08,456 basehttp "GET /static/admin/img/icon-yes.svg HTTP/1.1" 200 436
INFO 2025-11-16 00:09:08,471 basehttp "GET /admin/jsi18n/ HTTP/1.1" 200 3342
INFO 2025-11-16 00:09:08,525 basehttp "GET /static/admin/js/filters.js HTTP/1.1" 200 978
INFO 2025-11-16 00:09:08,529 basehttp "GET /static/admin/js/vendor/xregexp/xregexp.js HTTP/1.1" 200 325171
INFO 2025-11-16 00:09:08,538 basehttp "GET /static/admin/img/icon-no.svg HTTP/1.1" 200 560
INFO 2025-11-16 00:09:08,557 basehttp "GET /static/admin/img/tooltag-add.svg HTTP/1.1" 200 331
INFO 2025-11-16 00:09:08,557 basehttp "GET /static/admin/img/icon-viewlink.svg HTTP/1.1" 200 581
INFO 2025-11-16 00:09:08,557 basehttp "GET /static/admin/img/sorting-icons.svg HTTP/1.1" 200 1097
INFO 2025-11-16 00:09:18,264 basehttp "GET /admin/usuarios/customuser/2/change/ HTTP/1.1" 200 35266
INFO 2025-11-16 00:09:18,319 basehttp "GET /static/admin/css/forms.css HTTP/1.1" 200 8525
INFO 2025-11-16 00:09:18,335 basehttp "GET /static/admin/js/SelectBox.js HTTP/1.1" 200 4530
INFO 2025-11-16 00:09:18,335 basehttp "GET /static/admin/js/SelectFilter2.js HTTP/1.1" 200 15845
INFO 2025-11-16 00:09:18,337 basehttp "GET /static/admin/js/calendar.js HTTP/1.1" 200 9141
INFO 2025-11-16 00:09:18,337 basehttp "GET /static/admin/js/admin/DateTimeShortcuts.js HTTP/1.1" 200 19319
INFO 2025-11-16 00:09:18,349 basehttp "GET /static/admin/js/prepopulate_init.js HTTP/1.1" 200 586
INFO 2025-11-16 00:09:18,370 basehttp "GET /static/admin/css/widgets.css HTTP/1.1" 200 11991
INFO 2025-11-16 00:09:18,376 basehttp "GET /admin/jsi18n/ HTTP/1.1" 200 3342
INFO 2025-11-16 00:09:18,505 basehttp "GET /static/admin/img/icon-deletelink.svg HTTP/1.1" 200 392
INFO 2025-11-16 00:09:18,511 basehttp "GET /static/admin/js/change_form.js HTTP/1.1" 200 606
INFO 2025-11-16 00:09:18,627 basehttp "GET /static/admin/img/selector-icons.svg HTTP/1.1" 200 3291
INFO 2025-11-16 00:09:18,627 basehttp "GET /static/admin/img/icon-calendar.svg HTTP/1.1" 200 1086
INFO 2025-11-16 00:09:38,430 basehttp "POST /admin/usuarios/customuser/2/change/ HTTP/1.1" 302 0
INFO 2025-11-16 00:09:38,528 basehttp "GET /admin/usuarios/customuser/ HTTP/1.1" 200 21586
INFO 2025-11-16 00:09:38,638 basehttp "GET /admin/jsi18n/ HTTP/1.1" 200 3342
INFO 2025-11-16 00:09:40,668 basehttp "GET /admin/usuarios/customuser/2/change/ HTTP/1.1" 200 35275
INFO 2025-11-16 00:09:40,767 basehttp "GET /admin/jsi18n/ HTTP/1.1" 200 3342
INFO 2025-11-16 00:09:55,970 basehttp "GET /api/ticket-types/ HTTP/1.1" 200 396
INFO 2025-11-16 00:09:56,020 basehttp "GET /api/ticket-types/ HTTP/1.1" 200 396
INFO 2025-11-16 00:10:00,084 basehttp "POST /api/ticket-types/ HTTP/1.1" 201 53
INFO 2025-11-16 00:10:00,138 basehttp "GET /api/ticket-types/ HTTP/1.1" 200 450
INFO 2025-11-16 00:21:23,743 basehttp "GET /api/ticket-types/ HTTP/1.1" 200 450
INFO 2025-11-16 00:21:23,811 basehttp "GET /api/ticket-types/ HTTP/1.1" 200 450
INFO 2025-11-16 00:23:23,192 basehttp "GET /api/ticket-types/ HTTP/1.1" 200 450
INFO 2025-11-16 00:23:23,356 basehttp "GET /api/ticket-types/ HTTP/1.1" 200 450
INFO 2025-11-16 00:23:24,806 basehttp "OPTIONS /api/api/ticket-types/ HTTP/1.1" 200 0
INFO 2025-11-16 00:23:24,809 basehttp "OPTIONS /api/api/departments/ HTTP/1.1" 200 0
INFO 2025-11-16 00:23:24,811 basehttp "OPTIONS /api/api/cities/ HTTP/1.1" 200 0
INFO 2025-11-16 00:23:24,814 basehttp "OPTIONS /api/api/ticket-types/ HTTP/1.1" 200 0
INFO 2025-11-16 00:23:24,818 basehttp "OPTIONS /api/api/departments/ HTTP/1.1" 200 0
WARNING 2025-11-16 00:23:24,822 log Not Found: /api/api/ticket-types/
INFO 2025-11-16 00:23:24,824 basehttp "OPTIONS /api/api/cities/ HTTP/1.1" 200 0
WARNING 2025-11-16 00:23:24,829 log Not Found: /api/api/cities/
WARNING 2025-11-16 00:23:24,830 basehttp "GET /api/api/ticket-types/ HTTP/1.1" 404 10851
WARNING 2025-11-16 00:23:24,838 log Not Found: /api/api/departments/
WARNING 2025-11-16 00:23:24,840 basehttp "GET /api/api/cities/ HTTP/1.1" 404 10833
WARNING 2025-11-16 00:23:24,844 log Not Found: /api/api/ticket-types/
WARNING 2025-11-16 00:23:24,845 basehttp "GET /api/api/departments/ HTTP/1.1" 404 10848
WARNING 2025-11-16 00:23:24,852 log Not Found: /api/api/cities/
WARNING 2025-11-16 00:23:24,854 basehttp "GET /api/api/ticket-types/ HTTP/1.1" 404 10851
WARNING 2025-11-16 00:23:24,858 log Not Found: /api/api/departments/
WARNING 2025-11-16 00:23:24,859 basehttp "GET /api/api/cities/ HTTP/1.1" 404 10833
WARNING 2025-11-16 00:23:24,860 basehttp "GET /api/api/departments/ HTTP/1.1" 404 10848
WARNING 2025-11-16 00:23:30,025 log Not Found: /api/api/departments/
WARNING 2025-11-16 00:23:30,028 log Not Found: /api/api/ticket-types/
WARNING 2025-11-16 00:23:30,032 log Not Found: /api/api/cities/
WARNING 2025-11-16 00:23:30,034 basehttp "GET /api/api/cities/ HTTP/1.1" 404 10833
WARNING 2025-11-16 00:23:30,034 basehttp "GET /api/api/departments/ HTTP/1.1" 404 10848
WARNING 2025-11-16 00:23:30,034 basehttp "GET /api/api/ticket-types/ HTTP/1.1" 404 10851
WARNING 2025-11-16 00:23:30,042 log Not Found: /api/api/departments/
WARNING 2025-11-16 00:23:30,046 log Not Found: /api/api/ticket-types/
WARNING 2025-11-16 00:23:30,050 log Not Found: /api/api/cities/
WARNING 2025-11-16 00:23:30,051 basehttp "GET /api/api/departments/ HTTP/1.1" 404 10848
WARNING 2025-11-16 00:23:30,051 basehttp "GET /api/api/ticket-types/ HTTP/1.1" 404 10851
WARNING 2025-11-16 00:23:30,052 basehttp "GET /api/api/cities/ HTTP/1.1" 404 10833
INFO 2025-11-16 00:24:25,270 basehttp "OPTIONS /api/departments/ HTTP/1.1" 200 0
INFO 2025-11-16 00:24:25,270 basehttp "OPTIONS /api/departments/ HTTP/1.1" 200 0
INFO 2025-11-16 00:24:25,270 basehttp "OPTIONS /api/cities/ HTTP/1.1" 200 0
INFO 2025-11-16 00:24:25,270 basehttp "OPTIONS /api/cities/ HTTP/1.1" 200 0
INFO 2025-11-16 00:24:25,340 basehttp "GET /api/ticket-types/ HTTP/1.1" 200 450
INFO 2025-11-16 00:24:25,351 basehttp "GET /api/cities/ HTTP/1.1" 200 1380
INFO 2025-11-16 00:24:25,359 basehttp "GET /api/departments/ HTTP/1.1" 200 906
INFO 2025-11-16 00:24:25,400 basehttp "GET /api/ticket-types/ HTTP/1.1" 200 450
INFO 2025-11-16 00:24:25,413 basehttp "GET /api/cities/ HTTP/1.1" 200 1380
INFO 2025-11-16 00:24:25,420 basehttp "GET /api/departments/ HTTP/1.1" 200 906
INFO 2025-11-16 00:26:53,418 basehttp "OPTIONS /api/events/ HTTP/1.1" 200 0
WARNING 2025-11-16 00:26:53,583 log Bad Request: /api/events/
WARNING 2025-11-16 00:26:53,583 basehttp "POST /api/events/ HTTP/1.1" 400 79
WARNING 2025-11-16 00:27:54,936 log Bad Request: /api/events/
WARNING 2025-11-16 00:27:54,937 basehttp "POST /api/events/ HTTP/1.1" 400 83
INFO 2025-11-16 00:32:36,187 basehttp "GET /api/departments/ HTTP/1.1" 200 906
INFO 2025-11-16 00:32:36,187 basehttp "GET /api/ticket-types/ HTTP/1.1" 200 450
INFO 2025-11-16 00:32:36,190 basehttp "GET /api/cities/ HTTP/1.1" 200 1380
WARNING 2025-11-16 00:33:58,826 log Bad Request: /api/events/
WARNING 2025-11-16 00:33:58,827 basehttp "POST /api/events/ HTTP/1.1" 400 32
WARNING 2025-11-16 00:34:32,948 log Bad Request: /api/events/
WARNING 2025-11-16 00:34:32,948 basehttp "POST /api/events/ HTTP/1.1" 400 32
ERROR 2025-11-16 00:50:01,724 log Internal Server Error: /api/events/
Traceback (most recent call last):
  File "C:\Users\juanc\Documents\GestiFy\Gestify-backend\venv\lib\site-packages\httpcore\_exceptions.py", line 10, in map_exceptions
    yield
  File "C:\Users\juanc\Documents\GestiFy\Gestify-backend\venv\lib\site-packages\httpcore\_backends\sync.py", line 100, in connect_tcp
    sock = socket.create_connection(
  File "C:\Users\juanc\AppData\Local\Programs\Python\Python310\lib\socket.py", line 824, in create_connection
    for res in getaddrinfo(host, port, 0, SOCK_STREAM):
  File "C:\Users\juanc\AppData\Local\Programs\Python\Python310\lib\socket.py", line 955, in getaddrinfo
    for res in _socket.getaddrinfo(host, port, family, type, proto, flags):
socket.gaierror: [Errno 11001] getaddrinfo failed

The above exception was the direct cause of the following exception:

Traceback (most recent call last):
  File "C:\Users\juanc\Documents\GestiFy\Gestify-backend\venv\lib\site-packages\httpx\_transports\default.py", line 60, in map_httpcore_exceptions
    yield
  File "C:\Users\juanc\Documents\GestiFy\Gestify-backend\venv\lib\site-packages\httpx\_transports\default.py", line 218, in handle_request
    resp = self._pool.handle_request(req)
  File "C:\Users\juanc\Documents\GestiFy\Gestify-backend\venv\lib\site-packages\httpcore\_sync\connection_pool.py", line 262, in handle_request
    raise exc
  File "C:\Users\juanc\Documents\GestiFy\Gestify-backend\venv\lib\site-packages\httpcore\_sync\connection_pool.py", line 245, in handle_request
    response = connection.handle_request(request)
  File "C:\Users\juanc\Documents\GestiFy\Gestify-backend\venv\lib\site-packages\httpcore\_sync\connection.py", line 92, in handle_request
    raise exc
  File "C:\Users\juanc\Documents\GestiFy\Gestify-backend\venv\lib\site-packages\httpcore\_sync\connection.py", line 69, in handle_request
    stream = self._connect(request)
  File "C:\Users\juanc\Documents\GestiFy\Gestify-backend\venv\lib\site-packages\httpcore\_sync\connection.py", line 117, in _connect
    stream = self._network_backend.connect_tcp(**kwargs)
  File "C:\Users\juanc\Documents\GestiFy\Gestify-backend\venv\lib\site-packages\httpcore\_backends\sync.py", line 99, in connect_tcp
    with map_exceptions(exc_map):
  File "C:\Users\juanc\AppData\Local\Programs\Python\Python310\lib\contextlib.py", line 153, in __exit__
    self.gen.throw(typ, value, traceback)
  File "C:\Users\juanc\Documents\GestiFy\Gestify-backend\venv\lib\site-packages\httpcore\_exceptions.py", line 14, in map_exceptions
    raise to_exc(exc) from exc
httpcore.ConnectError: [Errno 11001] getaddrinfo failed

The above exception was the direct cause of the following exception:

Traceback (most recent call last):
  File "C:\Users\juanc\Documents\GestiFy\Gestify-backend\venv\lib\site-packages\django\core\handlers\exception.py", line 55, in inner
    response = get_response(request)
  File "C:\Users\juanc\Documents\GestiFy\Gestify-backend\venv\lib\site-packages\django\core\handlers\base.py", line 197, in _get_response
    response = wrapped_callback(request, *callback_args, **callback_kwargs)
  File "C:\Users\juanc\Documents\GestiFy\Gestify-backend\venv\lib\site-packages\django\views\decorators\csrf.py", line 65, in _view_wrapper
    return view_func(request, *args, **kwargs)
  File "C:\Users\juanc\Documents\GestiFy\Gestify-backend\venv\lib\site-packages\rest_framework\viewsets.py", line 125, in view
    return self.dispatch(request, *args, **kwargs)
  File "C:\Users\juanc\Documents\GestiFy\Gestify-backend\venv\lib\site-packages\rest_framework\views.py", line 515, in dispatch
    response = self.handle_exception(exc)
  File "C:\Users\juanc\Documents\GestiFy\Gestify-backend\venv\lib\site-packages\rest_framework\views.py", line 475, in handle_exception
    self.raise_uncaught_exception(exc)
  File "C:\Users\juanc\Documents\GestiFy\Gestify-backend\venv\lib\site-packages\rest_framework\views.py", line 486, in raise_uncaught_exception
    raise exc
  File "C:\Users\juanc\Documents\GestiFy\Gestify-backend\venv\lib\site-packages\rest_framework\views.py", line 512, in dispatch
    response = handler(request, *args, **kwargs)
  File "C:\Users\juanc\Documents\GestiFy\Gestify-backend\eventos\views\events.py", line 157, in create
    response = super().create(request, *args, **kwargs)
  File "C:\Users\juanc\Documents\GestiFy\Gestify-backend\venv\lib\site-packages\rest_framework\mixins.py", line 19, in create
    self.perform_create(serializer)
  File "C:\Users\juanc\Documents\GestiFy\Gestify-backend\venv\lib\site-packages\rest_framework\mixins.py", line 24, in perform_create
    serializer.save()
  File "C:\Users\juanc\Documents\GestiFy\Gestify-backend\venv\lib\site-packages\rest_framework\serializers.py", line 210, in save
    self.instance = self.create(validated_data)
  File "C:\Users\juanc\Documents\GestiFy\Gestify-backend\eventos\serializers.py", line 292, in create
    validated_data["image"] = upload_image_to_supabase(image_file, image_file.name)
  File "C:\Users\juanc\Documents\GestiFy\Gestify-backend\eventos\supabase_service.py", line 18, in upload_image_to_supabase
    res = supabase.storage.from_(SUPABASE_BUCKET).upload(file_name, file_obj.read())
  File "C:\Users\juanc\Documents\GestiFy\Gestify-backend\venv\lib\site-packages\storage3\_sync\file_api.py", line 398, in upload
    return self._request(
  File "C:\Users\juanc\Documents\GestiFy\Gestify-backend\venv\lib\site-packages\storage3\_sync\file_api.py", line 42, in _request
    response = self._client.request(
  File "C:\Users\juanc\Documents\GestiFy\Gestify-backend\venv\lib\site-packages\httpx\_client.py", line 814, in request
    return self.send(request, auth=auth, follow_redirects=follow_redirects)
  File "C:\Users\juanc\Documents\GestiFy\Gestify-backend\venv\lib\site-packages\httpx\_client.py", line 901, in send
    response = self._send_handling_auth(
  File "C:\Users\juanc\Documents\GestiFy\Gestify-backend\venv\lib\site-packages\httpx\_client.py", line 929, in _send_handling_auth
    response = self._send_handling_redirects(
  File "C:\Users\juanc\Documents\GestiFy\Gestify-backend\venv\lib\site-packages\httpx\_client.py", line 966, in _send_handling_redirects
    response = self._send_single_request(request)
  File "C:\Users\juanc\Documents\GestiFy\Gestify-backend\venv\lib\site-packages\httpx\_client.py", line 1002, in _send_single_request
    response = transport.handle_request(request)
  File "C:\Users\juanc\Documents\GestiFy\Gestify-backend\venv\lib\site-packages\httpx\_transports\default.py", line 217, in handle_request
    with map_httpcore_exceptions():
  File "C:\Users\juanc\AppData\Local\Programs\Python\Python310\lib\contextlib.py", line 153, in __exit__
    self.gen.throw(typ, value, traceback)
  File "C:\Users\juanc\Documents\GestiFy\Gestify-backend\venv\lib\site-packages\httpx\_transports\default.py", line 77, in map_httpcore_exceptions
    raise mapped_exc(message) from exc
httpx.ConnectError: [Errno 11001] getaddrinfo failed
ERROR 2025-11-16 00:50:01,735 basehttp "POST /api/events/ HTTP/1.1" 500 281333
INFO 2025-11-16 00:58:56,267 basehttp "GET /api/ticket-types/ HTTP/1.1" 200 450
INFO 2025-11-16 00:58:56,274 basehttp "GET /api/cities/ HTTP/1.1" 200 1380
INFO 2025-11-16 00:58:56,274 basehttp "GET /api/departments/ HTTP/1.1" 200 906
INFO 2025-11-16 00:58:56,333 basehttp "GET /api/ticket-types/ HTTP/1.1" 200 450
INFO 2025-11-16 00:58:56,344 basehttp "GET /api/departments/ HTTP/1.1" 200 906
INFO 2025-11-16 00:58:56,344 basehttp "GET /api/cities/ HTTP/1.1" 200 1380
ERROR 2025-11-16 00:59:58,627 log Internal Server Error: /api/events/
Traceback (most recent call last):
  File "C:\Users\juanc\Documents\GestiFy\Gestify-backend\venv\lib\site-packages\httpcore\_exceptions.py", line 10, in map_exceptions
    yield
  File "C:\Users\juanc\Documents\GestiFy\Gestify-backend\venv\lib\site-packages\httpcore\_backends\sync.py", line 100, in connect_tcp
    sock = socket.create_connection(
  File "C:\Users\juanc\AppData\Local\Programs\Python\Python310\lib\socket.py", line 824, in create_connection
    for res in getaddrinfo(host, port, 0, SOCK_STREAM):
  File "C:\Users\juanc\AppData\Local\Programs\Python\Python310\lib\socket.py", line 955, in getaddrinfo
    for res in _socket.getaddrinfo(host, port, family, type, proto, flags):
socket.gaierror: [Errno 11001] getaddrinfo failed

The above exception was the direct cause of the following exception:

Traceback (most recent call last):
  File "C:\Users\juanc\Documents\GestiFy\Gestify-backend\venv\lib\site-packages\httpx\_transports\default.py", line 60, in map_httpcore_exceptions
    yield
  File "C:\Users\juanc\Documents\GestiFy\Gestify-backend\venv\lib\site-packages\httpx\_transports\default.py", line 218, in handle_request
    resp = self._pool.handle_request(req)
  File "C:\Users\juanc\Documents\GestiFy\Gestify-backend\venv\lib\site-packages\httpcore\_sync\connection_pool.py", line 262, in handle_request
    raise exc
  File "C:\Users\juanc\Documents\GestiFy\Gestify-backend\venv\lib\site-packages\httpcore\_sync\connection_pool.py", line 245, in handle_request
    response = connection.handle_request(request)
  File "C:\Users\juanc\Documents\GestiFy\Gestify-backend\venv\lib\site-packages\httpcore\_sync\connection.py", line 92, in handle_request
    raise exc
  File "C:\Users\juanc\Documents\GestiFy\Gestify-backend\venv\lib\site-packages\httpcore\_sync\connection.py", line 69, in handle_request
    stream = self._connect(request)
  File "C:\Users\juanc\Documents\GestiFy\Gestify-backend\venv\lib\site-packages\httpcore\_sync\connection.py", line 117, in _connect
    stream = self._network_backend.connect_tcp(**kwargs)
  File "C:\Users\juanc\Documents\GestiFy\Gestify-backend\venv\lib\site-packages\httpcore\_backends\sync.py", line 99, in connect_tcp
    with map_exceptions(exc_map):
  File "C:\Users\juanc\AppData\Local\Programs\Python\Python310\lib\contextlib.py", line 153, in __exit__
    self.gen.throw(typ, value, traceback)
  File "C:\Users\juanc\Documents\GestiFy\Gestify-backend\venv\lib\site-packages\httpcore\_exceptions.py", line 14, in map_exceptions
    raise to_exc(exc) from exc
httpcore.ConnectError: [Errno 11001] getaddrinfo failed

The above exception was the direct cause of the following exception:

Traceback (most recent call last):
  File "C:\Users\juanc\Documents\GestiFy\Gestify-backend\venv\lib\site-packages\django\core\handlers\exception.py", line 55, in inner
    response = get_response(request)
  File "C:\Users\juanc\Documents\GestiFy\Gestify-backend\venv\lib\site-packages\django\core\handlers\base.py", line 197, in _get_response
    response = wrapped_callback(request, *callback_args, **callback_kwargs)
  File "C:\Users\juanc\Documents\GestiFy\Gestify-backend\venv\lib\site-packages\django\views\decorators\csrf.py", line 65, in _view_wrapper
    return view_func(request, *args, **kwargs)
  File "C:\Users\juanc\Documents\GestiFy\Gestify-backend\venv\lib\site-packages\rest_framework\viewsets.py", line 125, in view
    return self.dispatch(request, *args, **kwargs)
  File "C:\Users\juanc\Documents\GestiFy\Gestify-backend\venv\lib\site-packages\rest_framework\views.py", line 515, in dispatch
    response = self.handle_exception(exc)
  File "C:\Users\juanc\Documents\GestiFy\Gestify-backend\venv\lib\site-packages\rest_framework\views.py", line 475, in handle_exception
    self.raise_uncaught_exception(exc)
  File "C:\Users\juanc\Documents\GestiFy\Gestify-backend\venv\lib\site-packages\rest_framework\views.py", line 486, in raise_uncaught_exception
    raise exc
  File "C:\Users\juanc\Documents\GestiFy\Gestify-backend\venv\lib\site-packages\rest_framework\views.py", line 512, in dispatch
    response = handler(request, *args, **kwargs)
  File "C:\Users\juanc\Documents\GestiFy\Gestify-backend\eventos\views\events.py", line 157, in create
    response = super().create(request, *args, **kwargs)
  File "C:\Users\juanc\Documents\GestiFy\Gestify-backend\venv\lib\site-packages\rest_framework\mixins.py", line 19, in create
    self.perform_create(serializer)
  File "C:\Users\juanc\Documents\GestiFy\Gestify-backend\venv\lib\site-packages\rest_framework\mixins.py", line 24, in perform_create
    serializer.save()
  File "C:\Users\juanc\Documents\GestiFy\Gestify-backend\venv\lib\site-packages\rest_framework\serializers.py", line 210, in save
    self.instance = self.create(validated_data)
  File "C:\Users\juanc\Documents\GestiFy\Gestify-backend\eventos\serializers.py", line 292, in create
    validated_data["image"] = upload_image_to_supabase(image_file, image_file.name)
  File "C:\Users\juanc\Documents\GestiFy\Gestify-backend\eventos\supabase_service.py", line 18, in upload_image_to_supabase
    res = supabase.storage.from_(SUPABASE_BUCKET).upload(file_name, file_obj.read())
  File "C:\Users\juanc\Documents\GestiFy\Gestify-backend\venv\lib\site-packages\storage3\_sync\file_api.py", line 398, in upload
    return self._request(
  File "C:\Users\juanc\Documents\GestiFy\Gestify-backend\venv\lib\site-packages\storage3\_sync\file_api.py", line 42, in _request
    response = self._client.request(
  File "C:\Users\juanc\Documents\GestiFy\Gestify-backend\venv\lib\site-packages\httpx\_client.py", line 814, in request
    return self.send(request, auth=auth, follow_redirects=follow_redirects)
  File "C:\Users\juanc\Documents\GestiFy\Gestify-backend\venv\lib\site-packages\httpx\_client.py", line 901, in send
    response = self._send_handling_auth(
  File "C:\Users\juanc\Documents\GestiFy\Gestify-backend\venv\lib\site-packages\httpx\_client.py", line 929, in _send_handling_auth
    response = self._send_handling_redirects(
  File "C:\Users\juanc\Documents\GestiFy\Gestify-backend\venv\lib\site-packages\httpx\_client.py", line 966, in _send_handling_redirects
    response = self._send_single_request(request)
  File "C:\Users\juanc\Documents\GestiFy\Gestify-backend\venv\lib\site-packages\httpx\_client.py", line 1002, in _send_single_request
    response = transport.handle_request(request)
  File "C:\Users\juanc\Documents\GestiFy\Gestify-backend\venv\lib\site-packages\httpx\_transports\default.py", line 217, in handle_request
    with map_httpcore_exceptions():
  File "C:\Users\juanc\AppData\Local\Programs\Python\Python310\lib\contextlib.py", line 153, in __exit__
    self.gen.throw(typ, value, traceback)
  File "C:\Users\juanc\Documents\GestiFy\Gestify-backend\venv\lib\site-packages\httpx\_transports\default.py", line 77, in map_httpcore_exceptions
    raise mapped_exc(message) from exc
httpx.ConnectError: [Errno 11001] getaddrinfo failed
ERROR 2025-11-16 00:59:58,631 basehttp "POST /api/events/ HTTP/1.1" 500 281341
ERROR 2025-11-16 01:00:53,502 log Internal Server Error: /api/events/
Traceback (most recent call last):
  File "C:\Users\juanc\Documents\GestiFy\Gestify-backend\venv\lib\site-packages\httpcore\_exceptions.py", line 10, in map_exceptions
    yield
  File "C:\Users\juanc\Documents\GestiFy\Gestify-backend\venv\lib\site-packages\httpcore\_backends\sync.py", line 100, in connect_tcp
    sock = socket.create_connection(
  File "C:\Users\juanc\AppData\Local\Programs\Python\Python310\lib\socket.py", line 824, in create_connection
    for res in getaddrinfo(host, port, 0, SOCK_STREAM):
  File "C:\Users\juanc\AppData\Local\Programs\Python\Python310\lib\socket.py", line 955, in getaddrinfo
    for res in _socket.getaddrinfo(host, port, family, type, proto, flags):
socket.gaierror: [Errno 11001] getaddrinfo failed

The above exception was the direct cause of the following exception:

Traceback (most recent call last):
  File "C:\Users\juanc\Documents\GestiFy\Gestify-backend\venv\lib\site-packages\httpx\_transports\default.py", line 60, in map_httpcore_exceptions
    yield
  File "C:\Users\juanc\Documents\GestiFy\Gestify-backend\venv\lib\site-packages\httpx\_transports\default.py", line 218, in handle_request
    resp = self._pool.handle_request(req)
  File "C:\Users\juanc\Documents\GestiFy\Gestify-backend\venv\lib\site-packages\httpcore\_sync\connection_pool.py", line 262, in handle_request
    raise exc
  File "C:\Users\juanc\Documents\GestiFy\Gestify-backend\venv\lib\site-packages\httpcore\_sync\connection_pool.py", line 245, in handle_request
    response = connection.handle_request(request)
  File "C:\Users\juanc\Documents\GestiFy\Gestify-backend\venv\lib\site-packages\httpcore\_sync\connection.py", line 92, in handle_request
    raise exc
  File "C:\Users\juanc\Documents\GestiFy\Gestify-backend\venv\lib\site-packages\httpcore\_sync\connection.py", line 69, in handle_request
    stream = self._connect(request)
  File "C:\Users\juanc\Documents\GestiFy\Gestify-backend\venv\lib\site-packages\httpcore\_sync\connection.py", line 117, in _connect
    stream = self._network_backend.connect_tcp(**kwargs)
  File "C:\Users\juanc\Documents\GestiFy\Gestify-backend\venv\lib\site-packages\httpcore\_backends\sync.py", line 99, in connect_tcp
    with map_exceptions(exc_map):
  File "C:\Users\juanc\AppData\Local\Programs\Python\Python310\lib\contextlib.py", line 153, in __exit__
    self.gen.throw(typ, value, traceback)
  File "C:\Users\juanc\Documents\GestiFy\Gestify-backend\venv\lib\site-packages\httpcore\_exceptions.py", line 14, in map_exceptions
    raise to_exc(exc) from exc
httpcore.ConnectError: [Errno 11001] getaddrinfo failed

The above exception was the direct cause of the following exception:

Traceback (most recent call last):
  File "C:\Users\juanc\Documents\GestiFy\Gestify-backend\venv\lib\site-packages\django\core\handlers\exception.py", line 55, in inner
    response = get_response(request)
  File "C:\Users\juanc\Documents\GestiFy\Gestify-backend\venv\lib\site-packages\django\core\handlers\base.py", line 197, in _get_response
    response = wrapped_callback(request, *callback_args, **callback_kwargs)
  File "C:\Users\juanc\Documents\GestiFy\Gestify-backend\venv\lib\site-packages\django\views\decorators\csrf.py", line 65, in _view_wrapper
    return view_func(request, *args, **kwargs)
  File "C:\Users\juanc\Documents\GestiFy\Gestify-backend\venv\lib\site-packages\rest_framework\viewsets.py", line 125, in view
    return self.dispatch(request, *args, **kwargs)
  File "C:\Users\juanc\Documents\GestiFy\Gestify-backend\venv\lib\site-packages\rest_framework\views.py", line 515, in dispatch
    response = self.handle_exception(exc)
  File "C:\Users\juanc\Documents\GestiFy\Gestify-backend\venv\lib\site-packages\rest_framework\views.py", line 475, in handle_exception
    self.raise_uncaught_exception(exc)
  File "C:\Users\juanc\Documents\GestiFy\Gestify-backend\venv\lib\site-packages\rest_framework\views.py", line 486, in raise_uncaught_exception
    raise exc
  File "C:\Users\juanc\Documents\GestiFy\Gestify-backend\venv\lib\site-packages\rest_framework\views.py", line 512, in dispatch
    response = handler(request, *args, **kwargs)
  File "C:\Users\juanc\Documents\GestiFy\Gestify-backend\eventos\views\events.py", line 157, in create
    response = super().create(request, *args, **kwargs)
  File "C:\Users\juanc\Documents\GestiFy\Gestify-backend\venv\lib\site-packages\rest_framework\mixins.py", line 19, in create
    self.perform_create(serializer)
  File "C:\Users\juanc\Documents\GestiFy\Gestify-backend\venv\lib\site-packages\rest_framework\mixins.py", line 24, in perform_create
    serializer.save()
  File "C:\Users\juanc\Documents\GestiFy\Gestify-backend\venv\lib\site-packages\rest_framework\serializers.py", line 210, in save
    self.instance = self.create(validated_data)
  File "C:\Users\juanc\Documents\GestiFy\Gestify-backend\eventos\serializers.py", line 292, in create
    validated_data["image"] = upload_image_to_supabase(image_file, image_file.name)
  File "C:\Users\juanc\Documents\GestiFy\Gestify-backend\eventos\supabase_service.py", line 18, in upload_image_to_supabase
    res = supabase.storage.from_(SUPABASE_BUCKET).upload(file_name, file_obj.read())
  File "C:\Users\juanc\Documents\GestiFy\Gestify-backend\venv\lib\site-packages\storage3\_sync\file_api.py", line 398, in upload
    return self._request(
  File "C:\Users\juanc\Documents\GestiFy\Gestify-backend\venv\lib\site-packages\storage3\_sync\file_api.py", line 42, in _request
    response = self._client.request(
  File "C:\Users\juanc\Documents\GestiFy\Gestify-backend\venv\lib\site-packages\httpx\_client.py", line 814, in request
    return self.send(request, auth=auth, follow_redirects=follow_redirects)
  File "C:\Users\juanc\Documents\GestiFy\Gestify-backend\venv\lib\site-packages\httpx\_client.py", line 901, in send
    response = self._send_handling_auth(
  File "C:\Users\juanc\Documents\GestiFy\Gestify-backend\venv\lib\site-packages\httpx\_client.py", line 929, in _send_handling_auth
    response = self._send_handling_redirects(
  File "C:\Users\juanc\Documents\GestiFy\Gestify-backend\venv\lib\site-packages\httpx\_client.py", line 966, in _send_handling_redirects
    response = self._send_single_request(request)
  File "C:\Users\juanc\Documents\GestiFy\Gestify-backend\venv\lib\site-packages\httpx\_client.py", line 1002, in _send_single_request
    response = transport.handle_request(request)
  File "C:\Users\juanc\Documents\GestiFy\Gestify-backend\venv\lib\site-packages\httpx\_transports\default.py", line 217, in handle_request
    with map_httpcore_exceptions():
  File "C:\Users\juanc\AppData\Local\Programs\Python\Python310\lib\contextlib.py", line 153, in __exit__
    self.gen.throw(typ, value, traceback)
  File "C:\Users\juanc\Documents\GestiFy\Gestify-backend\venv\lib\site-packages\httpx\_transports\default.py", line 77, in map_httpcore_exceptions
    raise mapped_exc(message) from exc
httpx.ConnectError: [Errno 11001] getaddrinfo failed
ERROR 2025-11-16 01:00:53,505 basehttp "POST /api/events/ HTTP/1.1" 500 281341
INFO 2025-11-16 01:07:02,091 basehttp "GET /api/events/ HTTP/1.1" 200 8584
INFO 2025-11-16 01:07:02,201 basehttp "GET /api/events/ HTTP/1.1" 200 8584
INFO 2025-11-16 01:08:57,526 basehttp "GET /api/ticket-types/ HTTP/1.1" 200 450
INFO 2025-11-16 01:08:57,533 basehttp "GET /api/departments/ HTTP/1.1" 200 906
INFO 2025-11-16 01:08:57,541 basehttp "GET /api/cities/ HTTP/1.1" 200 1380
INFO 2025-11-16 01:08:57,607 basehttp "GET /api/ticket-types/ HTTP/1.1" 200 450
INFO 2025-11-16 01:08:57,612 basehttp "GET /api/departments/ HTTP/1.1" 200 906
INFO 2025-11-16 01:08:57,620 basehttp "GET /api/cities/ HTTP/1.1" 200 1380
ERROR 2025-11-16 01:09:01,971 log Internal Server Error: /api/events/
Traceback (most recent call last):
  File "C:\Users\juanc\Documents\GestiFy\Gestify-backend\venv\lib\site-packages\httpcore\_exceptions.py", line 10, in map_exceptions
    yield
  File "C:\Users\juanc\Documents\GestiFy\Gestify-backend\venv\lib\site-packages\httpcore\_backends\sync.py", line 100, in connect_tcp
    sock = socket.create_connection(
  File "C:\Users\juanc\AppData\Local\Programs\Python\Python310\lib\socket.py", line 824, in create_connection
    for res in getaddrinfo(host, port, 0, SOCK_STREAM):
  File "C:\Users\juanc\AppData\Local\Programs\Python\Python310\lib\socket.py", line 955, in getaddrinfo
    for res in _socket.getaddrinfo(host, port, family, type, proto, flags):
socket.gaierror: [Errno 11001] getaddrinfo failed

The above exception was the direct cause of the following exception:

Traceback (most recent call last):
  File "C:\Users\juanc\Documents\GestiFy\Gestify-backend\venv\lib\site-packages\httpx\_transports\default.py", line 60, in map_httpcore_exceptions
    yield
  File "C:\Users\juanc\Documents\GestiFy\Gestify-backend\venv\lib\site-packages\httpx\_transports\default.py", line 218, in handle_request
    resp = self._pool.handle_request(req)
  File "C:\Users\juanc\Documents\GestiFy\Gestify-backend\venv\lib\site-packages\httpcore\_sync\connection_pool.py", line 262, in handle_request
    raise exc
  File "C:\Users\juanc\Documents\GestiFy\Gestify-backend\venv\lib\site-packages\httpcore\_sync\connection_pool.py", line 245, in handle_request
    response = connection.handle_request(request)
  File "C:\Users\juanc\Documents\GestiFy\Gestify-backend\venv\lib\site-packages\httpcore\_sync\connection.py", line 92, in handle_request
    raise exc
  File "C:\Users\juanc\Documents\GestiFy\Gestify-backend\venv\lib\site-packages\httpcore\_sync\connection.py", line 69, in handle_request
    stream = self._connect(request)
  File "C:\Users\juanc\Documents\GestiFy\Gestify-backend\venv\lib\site-packages\httpcore\_sync\connection.py", line 117, in _connect
    stream = self._network_backend.connect_tcp(**kwargs)
  File "C:\Users\juanc\Documents\GestiFy\Gestify-backend\venv\lib\site-packages\httpcore\_backends\sync.py", line 99, in connect_tcp
    with map_exceptions(exc_map):
  File "C:\Users\juanc\AppData\Local\Programs\Python\Python310\lib\contextlib.py", line 153, in __exit__
    self.gen.throw(typ, value, traceback)
  File "C:\Users\juanc\Documents\GestiFy\Gestify-backend\venv\lib\site-packages\httpcore\_exceptions.py", line 14, in map_exceptions
    raise to_exc(exc) from exc
httpcore.ConnectError: [Errno 11001] getaddrinfo failed

The above exception was the direct cause of the following exception:

Traceback (most recent call last):
  File "C:\Users\juanc\Documents\GestiFy\Gestify-backend\venv\lib\site-packages\django\core\handlers\exception.py", line 55, in inner
    response = get_response(request)
  File "C:\Users\juanc\Documents\GestiFy\Gestify-backend\venv\lib\site-packages\django\core\handlers\base.py", line 197, in _get_response
    response = wrapped_callback(request, *callback_args, **callback_kwargs)
  File "C:\Users\juanc\Documents\GestiFy\Gestify-backend\venv\lib\site-packages\django\views\decorators\csrf.py", line 65, in _view_wrapper
    return view_func(request, *args, **kwargs)
  File "C:\Users\juanc\Documents\GestiFy\Gestify-backend\venv\lib\site-packages\rest_framework\viewsets.py", line 125, in view
    return self.dispatch(request, *args, **kwargs)
  File "C:\Users\juanc\Documents\GestiFy\Gestify-backend\venv\lib\site-packages\rest_framework\views.py", line 515, in dispatch
    response = self.handle_exception(exc)
  File "C:\Users\juanc\Documents\GestiFy\Gestify-backend\venv\lib\site-packages\rest_framework\views.py", line 475, in handle_exception
    self.raise_uncaught_exception(exc)
  File "C:\Users\juanc\Documents\GestiFy\Gestify-backend\venv\lib\site-packages\rest_framework\views.py", line 486, in raise_uncaught_exception
    raise exc
  File "C:\Users\juanc\Documents\GestiFy\Gestify-backend\venv\lib\site-packages\rest_framework\views.py", line 512, in dispatch
    response = handler(request, *args, **kwargs)
  File "C:\Users\juanc\Documents\GestiFy\Gestify-backend\eventos\views\events.py", line 157, in create
    response = super().create(request, *args, **kwargs)
  File "C:\Users\juanc\Documents\GestiFy\Gestify-backend\venv\lib\site-packages\rest_framework\mixins.py", line 19, in create
    self.perform_create(serializer)
  File "C:\Users\juanc\Documents\GestiFy\Gestify-backend\venv\lib\site-packages\rest_framework\mixins.py", line 24, in perform_create
    serializer.save()
  File "C:\Users\juanc\Documents\GestiFy\Gestify-backend\venv\lib\site-packages\rest_framework\serializers.py", line 210, in save
    self.instance = self.create(validated_data)
  File "C:\Users\juanc\Documents\GestiFy\Gestify-backend\eventos\serializers.py", line 292, in create
    validated_data["image"] = upload_image_to_supabase(image_file, image_file.name)
  File "C:\Users\juanc\Documents\GestiFy\Gestify-backend\eventos\supabase_service.py", line 18, in upload_image_to_supabase
    res = supabase.storage.from_(SUPABASE_BUCKET).upload(file_name, file_obj.read())
  File "C:\Users\juanc\Documents\GestiFy\Gestify-backend\venv\lib\site-packages\storage3\_sync\file_api.py", line 398, in upload
    return self._request(
  File "C:\Users\juanc\Documents\GestiFy\Gestify-backend\venv\lib\site-packages\storage3\_sync\file_api.py", line 42, in _request
    response = self._client.request(
  File "C:\Users\juanc\Documents\GestiFy\Gestify-backend\venv\lib\site-packages\httpx\_client.py", line 814, in request
    return self.send(request, auth=auth, follow_redirects=follow_redirects)
  File "C:\Users\juanc\Documents\GestiFy\Gestify-backend\venv\lib\site-packages\httpx\_client.py", line 901, in send
    response = self._send_handling_auth(
  File "C:\Users\juanc\Documents\GestiFy\Gestify-backend\venv\lib\site-packages\httpx\_client.py", line 929, in _send_handling_auth
    response = self._send_handling_redirects(
  File "C:\Users\juanc\Documents\GestiFy\Gestify-backend\venv\lib\site-packages\httpx\_client.py", line 966, in _send_handling_redirects
    response = self._send_single_request(request)
  File "C:\Users\juanc\Documents\GestiFy\Gestify-backend\venv\lib\site-packages\httpx\_client.py", line 1002, in _send_single_request
    response = transport.handle_request(request)
  File "C:\Users\juanc\Documents\GestiFy\Gestify-backend\venv\lib\site-packages\httpx\_transports\default.py", line 217, in handle_request
    with map_httpcore_exceptions():
  File "C:\Users\juanc\AppData\Local\Programs\Python\Python310\lib\contextlib.py", line 153, in __exit__
    self.gen.throw(typ, value, traceback)
  File "C:\Users\juanc\Documents\GestiFy\Gestify-backend\venv\lib\site-packages\httpx\_transports\default.py", line 77, in map_httpcore_exceptions
    raise mapped_exc(message) from exc
httpx.ConnectError: [Errno 11001] getaddrinfo failed
ERROR 2025-11-16 01:09:01,975 basehttp "POST /api/events/ HTTP/1.1" 500 281341
INFO 2025-11-16 01:09:07,012 basehttp "GET /api/ticket-types/ HTTP/1.1" 200 450
INFO 2025-11-16 01:09:07,019 basehttp "GET /api/departments/ HTTP/1.1" 200 906
INFO 2025-11-16 01:09:07,019 basehttp "GET /api/cities/ HTTP/1.1" 200 1380
INFO 2025-11-16 01:09:07,082 basehttp "GET /api/ticket-types/ HTTP/1.1" 200 450
INFO 2025-11-16 01:09:07,090 basehttp "GET /api/departments/ HTTP/1.1" 200 906
INFO 2025-11-16 01:09:07,100 basehttp "GET /api/cities/ HTTP/1.1" 200 1380
ERROR 2025-11-16 01:09:47,312 log Internal Server Error: /api/events/
Traceback (most recent call last):
  File "C:\Users\juanc\Documents\GestiFy\Gestify-backend\venv\lib\site-packages\httpcore\_exceptions.py", line 10, in map_exceptions
    yield
  File "C:\Users\juanc\Documents\GestiFy\Gestify-backend\venv\lib\site-packages\httpcore\_backends\sync.py", line 100, in connect_tcp
    sock = socket.create_connection(
  File "C:\Users\juanc\AppData\Local\Programs\Python\Python310\lib\socket.py", line 824, in create_connection
    for res in getaddrinfo(host, port, 0, SOCK_STREAM):
  File "C:\Users\juanc\AppData\Local\Programs\Python\Python310\lib\socket.py", line 955, in getaddrinfo
    for res in _socket.getaddrinfo(host, port, family, type, proto, flags):
socket.gaierror: [Errno 11001] getaddrinfo failed

The above exception was the direct cause of the following exception:

Traceback (most recent call last):
  File "C:\Users\juanc\Documents\GestiFy\Gestify-backend\venv\lib\site-packages\httpx\_transports\default.py", line 60, in map_httpcore_exceptions
    yield
  File "C:\Users\juanc\Documents\GestiFy\Gestify-backend\venv\lib\site-packages\httpx\_transports\default.py", line 218, in handle_request
    resp = self._pool.handle_request(req)
  File "C:\Users\juanc\Documents\GestiFy\Gestify-backend\venv\lib\site-packages\httpcore\_sync\connection_pool.py", line 262, in handle_request
    raise exc
  File "C:\Users\juanc\Documents\GestiFy\Gestify-backend\venv\lib\site-packages\httpcore\_sync\connection_pool.py", line 245, in handle_request
    response = connection.handle_request(request)
  File "C:\Users\juanc\Documents\GestiFy\Gestify-backend\venv\lib\site-packages\httpcore\_sync\connection.py", line 92, in handle_request
    raise exc
  File "C:\Users\juanc\Documents\GestiFy\Gestify-backend\venv\lib\site-packages\httpcore\_sync\connection.py", line 69, in handle_request
    stream = self._connect(request)
  File "C:\Users\juanc\Documents\GestiFy\Gestify-backend\venv\lib\site-packages\httpcore\_sync\connection.py", line 117, in _connect
    stream = self._network_backend.connect_tcp(**kwargs)
  File "C:\Users\juanc\Documents\GestiFy\Gestify-backend\venv\lib\site-packages\httpcore\_backends\sync.py", line 99, in connect_tcp
    with map_exceptions(exc_map):
  File "C:\Users\juanc\AppData\Local\Programs\Python\Python310\lib\contextlib.py", line 153, in __exit__
    self.gen.throw(typ, value, traceback)
  File "C:\Users\juanc\Documents\GestiFy\Gestify-backend\venv\lib\site-packages\httpcore\_exceptions.py", line 14, in map_exceptions
    raise to_exc(exc) from exc
httpcore.ConnectError: [Errno 11001] getaddrinfo failed

The above exception was the direct cause of the following exception:

Traceback (most recent call last):
  File "C:\Users\juanc\Documents\GestiFy\Gestify-backend\venv\lib\site-packages\django\core\handlers\exception.py", line 55, in inner
    response = get_response(request)
  File "C:\Users\juanc\Documents\GestiFy\Gestify-backend\venv\lib\site-packages\django\core\handlers\base.py", line 197, in _get_response
    response = wrapped_callback(request, *callback_args, **callback_kwargs)
  File "C:\Users\juanc\Documents\GestiFy\Gestify-backend\venv\lib\site-packages\django\views\decorators\csrf.py", line 65, in _view_wrapper
    return view_func(request, *args, **kwargs)
  File "C:\Users\juanc\Documents\GestiFy\Gestify-backend\venv\lib\site-packages\rest_framework\viewsets.py", line 125, in view
    return self.dispatch(request, *args, **kwargs)
  File "C:\Users\juanc\Documents\GestiFy\Gestify-backend\venv\lib\site-packages\rest_framework\views.py", line 515, in dispatch
    response = self.handle_exception(exc)
  File "C:\Users\juanc\Documents\GestiFy\Gestify-backend\venv\lib\site-packages\rest_framework\views.py", line 475, in handle_exception
    self.raise_uncaught_exception(exc)
  File "C:\Users\juanc\Documents\GestiFy\Gestify-backend\venv\lib\site-packages\rest_framework\views.py", line 486, in raise_uncaught_exception
    raise exc
  File "C:\Users\juanc\Documents\GestiFy\Gestify-backend\venv\lib\site-packages\rest_framework\views.py", line 512, in dispatch
    response = handler(request, *args, **kwargs)
  File "C:\Users\juanc\Documents\GestiFy\Gestify-backend\eventos\views\events.py", line 157, in create
    response = super().create(request, *args, **kwargs)
  File "C:\Users\juanc\Documents\GestiFy\Gestify-backend\venv\lib\site-packages\rest_framework\mixins.py", line 19, in create
    self.perform_create(serializer)
  File "C:\Users\juanc\Documents\GestiFy\Gestify-backend\venv\lib\site-packages\rest_framework\mixins.py", line 24, in perform_create
    serializer.save()
  File "C:\Users\juanc\Documents\GestiFy\Gestify-backend\venv\lib\site-packages\rest_framework\serializers.py", line 210, in save
    self.instance = self.create(validated_data)
  File "C:\Users\juanc\Documents\GestiFy\Gestify-backend\eventos\serializers.py", line 292, in create
    validated_data["image"] = upload_image_to_supabase(image_file, image_file.name)
  File "C:\Users\juanc\Documents\GestiFy\Gestify-backend\eventos\supabase_service.py", line 18, in upload_image_to_supabase
    res = supabase.storage.from_(SUPABASE_BUCKET).upload(file_name, file_obj.read())
  File "C:\Users\juanc\Documents\GestiFy\Gestify-backend\venv\lib\site-packages\storage3\_sync\file_api.py", line 398, in upload
    return self._request(
  File "C:\Users\juanc\Documents\GestiFy\Gestify-backend\venv\lib\site-packages\storage3\_sync\file_api.py", line 42, in _request
    response = self._client.request(
  File "C:\Users\juanc\Documents\GestiFy\Gestify-backend\venv\lib\site-packages\httpx\_client.py", line 814, in request
    return self.send(request, auth=auth, follow_redirects=follow_redirects)
  File "C:\Users\juanc\Documents\GestiFy\Gestify-backend\venv\lib\site-packages\httpx\_client.py", line 901, in send
    response = self._send_handling_auth(
  File "C:\Users\juanc\Documents\GestiFy\Gestify-backend\venv\lib\site-packages\httpx\_client.py", line 929, in _send_handling_auth
    response = self._send_handling_redirects(
  File "C:\Users\juanc\Documents\GestiFy\Gestify-backend\venv\lib\site-packages\httpx\_client.py", line 966, in _send_handling_redirects
    response = self._send_single_request(request)
  File "C:\Users\juanc\Documents\GestiFy\Gestify-backend\venv\lib\site-packages\httpx\_client.py", line 1002, in _send_single_request
    response = transport.handle_request(request)
  File "C:\Users\juanc\Documents\GestiFy\Gestify-backend\venv\lib\site-packages\httpx\_transports\default.py", line 217, in handle_request
    with map_httpcore_exceptions():
  File "C:\Users\juanc\AppData\Local\Programs\Python\Python310\lib\contextlib.py", line 153, in __exit__
    self.gen.throw(typ, value, traceback)
  File "C:\Users\juanc\Documents\GestiFy\Gestify-backend\venv\lib\site-packages\httpx\_transports\default.py", line 77, in map_httpcore_exceptions
    raise mapped_exc(message) from exc
httpx.ConnectError: [Errno 11001] getaddrinfo failed
ERROR 2025-11-16 01:09:47,316 basehttp "POST /api/events/ HTTP/1.1" 500 281322
INFO 2025-11-16 01:14:14,419 autoreload Watching for file changes with StatReloader
ERROR 2025-11-16 01:15:07,225 log Internal Server Error: /api/events/
Traceback (most recent call last):
  File "C:\Users\juanc\Documents\GestiFy\Gestify-backend\venv\lib\site-packages\httpcore\_exceptions.py", line 10, in map_exceptions
    yield
  File "C:\Users\juanc\Documents\GestiFy\Gestify-backend\venv\lib\site-packages\httpcore\_backends\sync.py", line 100, in connect_tcp
    sock = socket.create_connection(
  File "C:\Users\juanc\AppData\Local\Programs\Python\Python310\lib\socket.py", line 824, in create_connection
    for res in getaddrinfo(host, port, 0, SOCK_STREAM):
  File "C:\Users\juanc\AppData\Local\Programs\Python\Python310\lib\socket.py", line 955, in getaddrinfo
    for res in _socket.getaddrinfo(host, port, family, type, proto, flags):
socket.gaierror: [Errno 11001] getaddrinfo failed

The above exception was the direct cause of the following exception:

Traceback (most recent call last):
  File "C:\Users\juanc\Documents\GestiFy\Gestify-backend\venv\lib\site-packages\httpx\_transports\default.py", line 60, in map_httpcore_exceptions
    yield
  File "C:\Users\juanc\Documents\GestiFy\Gestify-backend\venv\lib\site-packages\httpx\_transports\default.py", line 218, in handle_request
    resp = self._pool.handle_request(req)
  File "C:\Users\juanc\Documents\GestiFy\Gestify-backend\venv\lib\site-packages\httpcore\_sync\connection_pool.py", line 262, in handle_request
    raise exc
  File "C:\Users\juanc\Documents\GestiFy\Gestify-backend\venv\lib\site-packages\httpcore\_sync\connection_pool.py", line 245, in handle_request
    response = connection.handle_request(request)
  File "C:\Users\juanc\Documents\GestiFy\Gestify-backend\venv\lib\site-packages\httpcore\_sync\connection.py", line 92, in handle_request
    raise exc
  File "C:\Users\juanc\Documents\GestiFy\Gestify-backend\venv\lib\site-packages\httpcore\_sync\connection.py", line 69, in handle_request
    stream = self._connect(request)
  File "C:\Users\juanc\Documents\GestiFy\Gestify-backend\venv\lib\site-packages\httpcore\_sync\connection.py", line 117, in _connect
    stream = self._network_backend.connect_tcp(**kwargs)
  File "C:\Users\juanc\Documents\GestiFy\Gestify-backend\venv\lib\site-packages\httpcore\_backends\sync.py", line 99, in connect_tcp
    with map_exceptions(exc_map):
  File "C:\Users\juanc\AppData\Local\Programs\Python\Python310\lib\contextlib.py", line 153, in __exit__
    self.gen.throw(typ, value, traceback)
  File "C:\Users\juanc\Documents\GestiFy\Gestify-backend\venv\lib\site-packages\httpcore\_exceptions.py", line 14, in map_exceptions
    raise to_exc(exc) from exc
httpcore.ConnectError: [Errno 11001] getaddrinfo failed

The above exception was the direct cause of the following exception:

Traceback (most recent call last):
  File "C:\Users\juanc\Documents\GestiFy\Gestify-backend\venv\lib\site-packages\django\core\handlers\exception.py", line 55, in inner
    response = get_response(request)
  File "C:\Users\juanc\Documents\GestiFy\Gestify-backend\venv\lib\site-packages\django\core\handlers\base.py", line 197, in _get_response
    response = wrapped_callback(request, *callback_args, **callback_kwargs)
  File "C:\Users\juanc\Documents\GestiFy\Gestify-backend\venv\lib\site-packages\django\views\decorators\csrf.py", line 65, in _view_wrapper
    return view_func(request, *args, **kwargs)
  File "C:\Users\juanc\Documents\GestiFy\Gestify-backend\venv\lib\site-packages\rest_framework\viewsets.py", line 125, in view
    return self.dispatch(request, *args, **kwargs)
  File "C:\Users\juanc\Documents\GestiFy\Gestify-backend\venv\lib\site-packages\rest_framework\views.py", line 515, in dispatch
    response = self.handle_exception(exc)
  File "C:\Users\juanc\Documents\GestiFy\Gestify-backend\venv\lib\site-packages\rest_framework\views.py", line 475, in handle_exception
    self.raise_uncaught_exception(exc)
  File "C:\Users\juanc\Documents\GestiFy\Gestify-backend\venv\lib\site-packages\rest_framework\views.py", line 486, in raise_uncaught_exception
    raise exc
  File "C:\Users\juanc\Documents\GestiFy\Gestify-backend\venv\lib\site-packages\rest_framework\views.py", line 512, in dispatch
    response = handler(request, *args, **kwargs)
  File "C:\Users\juanc\Documents\GestiFy\Gestify-backend\eventos\views\events.py", line 157, in create
    response = super().create(request, *args, **kwargs)
  File "C:\Users\juanc\Documents\GestiFy\Gestify-backend\venv\lib\site-packages\rest_framework\mixins.py", line 19, in create
    self.perform_create(serializer)
  File "C:\Users\juanc\Documents\GestiFy\Gestify-backend\venv\lib\site-packages\rest_framework\mixins.py", line 24, in perform_create
    serializer.save()
  File "C:\Users\juanc\Documents\GestiFy\Gestify-backend\venv\lib\site-packages\rest_framework\serializers.py", line 210, in save
    self.instance = self.create(validated_data)
  File "C:\Users\juanc\Documents\GestiFy\Gestify-backend\eventos\serializers.py", line 292, in create
    validated_data["image"] = upload_image_to_supabase(image_file, image_file.name)
  File "C:\Users\juanc\Documents\GestiFy\Gestify-backend\eventos\supabase_service.py", line 18, in upload_image_to_supabase
    res = supabase.storage.from_(SUPABASE_BUCKET).upload(file_name, file_obj.read())
  File "C:\Users\juanc\Documents\GestiFy\Gestify-backend\venv\lib\site-packages\storage3\_sync\file_api.py", line 398, in upload
    return self._request(
  File "C:\Users\juanc\Documents\GestiFy\Gestify-backend\venv\lib\site-packages\storage3\_sync\file_api.py", line 42, in _request
    response = self._client.request(
  File "C:\Users\juanc\Documents\GestiFy\Gestify-backend\venv\lib\site-packages\httpx\_client.py", line 814, in request
    return self.send(request, auth=auth, follow_redirects=follow_redirects)
  File "C:\Users\juanc\Documents\GestiFy\Gestify-backend\venv\lib\site-packages\httpx\_client.py", line 901, in send
    response = self._send_handling_auth(
  File "C:\Users\juanc\Documents\GestiFy\Gestify-backend\venv\lib\site-packages\httpx\_client.py", line 929, in _send_handling_auth
    response = self._send_handling_redirects(
  File "C:\Users\juanc\Documents\GestiFy\Gestify-backend\venv\lib\site-packages\httpx\_client.py", line 966, in _send_handling_redirects
    response = self._send_single_request(request)
  File "C:\Users\juanc\Documents\GestiFy\Gestify-backend\venv\lib\site-packages\httpx\_client.py", line 1002, in _send_single_request
    response = transport.handle_request(request)
  File "C:\Users\juanc\Documents\GestiFy\Gestify-backend\venv\lib\site-packages\httpx\_transports\default.py", line 217, in handle_request
    with map_httpcore_exceptions():
  File "C:\Users\juanc\AppData\Local\Programs\Python\Python310\lib\contextlib.py", line 153, in __exit__
    self.gen.throw(typ, value, traceback)
  File "C:\Users\juanc\Documents\GestiFy\Gestify-backend\venv\lib\site-packages\httpx\_transports\default.py", line 77, in map_httpcore_exceptions
    raise mapped_exc(message) from exc
httpx.ConnectError: [Errno 11001] getaddrinfo failed
ERROR 2025-11-16 01:15:07,236 basehttp "POST /api/events/ HTTP/1.1" 500 281322
INFO 2025-11-16 01:15:10,817 basehttp "GET /api/ticket-types/ HTTP/1.1" 200 450
INFO 2025-11-16 01:15:10,817 basehttp "GET /api/departments/ HTTP/1.1" 200 906
INFO 2025-11-16 01:15:10,835 basehttp "GET /api/cities/ HTTP/1.1" 200 1380
INFO 2025-11-16 01:15:10,896 basehttp "GET /api/departments/ HTTP/1.1" 200 906
INFO 2025-11-16 01:15:10,896 basehttp "GET /api/ticket-types/ HTTP/1.1" 200 450
INFO 2025-11-16 01:15:11,013 basehttp "GET /api/cities/ HTTP/1.1" 200 1380
INFO 2025-11-16 01:35:04,402 autoreload Watching for file changes with StatReloader
INFO 2025-11-16 01:35:12,461 basehttp "GET /api/departments/ HTTP/1.1" 200 906
INFO 2025-11-16 01:35:12,461 basehttp "GET /api/ticket-types/ HTTP/1.1" 200 450
INFO 2025-11-16 01:35:12,462 basehttp "GET /api/cities/ HTTP/1.1" 200 1380
INFO 2025-11-16 01:35:12,539 basehttp "GET /api/departments/ HTTP/1.1" 200 906
INFO 2025-11-16 01:35:12,542 basehttp "GET /api/ticket-types/ HTTP/1.1" 200 450
INFO 2025-11-16 01:35:12,553 basehttp "GET /api/cities/ HTTP/1.1" 200 1380
ERROR 2025-11-16 01:35:54,518 log Internal Server Error: /api/events/
Traceback (most recent call last):
  File "C:\Users\juanc\Documents\GestiFy\Gestify-backend\venv\lib\site-packages\httpcore\_exceptions.py", line 10, in map_exceptions
    yield
  File "C:\Users\juanc\Documents\GestiFy\Gestify-backend\venv\lib\site-packages\httpcore\_backends\sync.py", line 100, in connect_tcp
    sock = socket.create_connection(
  File "C:\Users\juanc\AppData\Local\Programs\Python\Python310\lib\socket.py", line 824, in create_connection
    for res in getaddrinfo(host, port, 0, SOCK_STREAM):
  File "C:\Users\juanc\AppData\Local\Programs\Python\Python310\lib\socket.py", line 955, in getaddrinfo
    for res in _socket.getaddrinfo(host, port, family, type, proto, flags):
socket.gaierror: [Errno 11001] getaddrinfo failed

The above exception was the direct cause of the following exception:

Traceback (most recent call last):
  File "C:\Users\juanc\Documents\GestiFy\Gestify-backend\venv\lib\site-packages\httpx\_transports\default.py", line 60, in map_httpcore_exceptions
    yield
  File "C:\Users\juanc\Documents\GestiFy\Gestify-backend\venv\lib\site-packages\httpx\_transports\default.py", line 218, in handle_request
    resp = self._pool.handle_request(req)
  File "C:\Users\juanc\Documents\GestiFy\Gestify-backend\venv\lib\site-packages\httpcore\_sync\connection_pool.py", line 262, in handle_request
    raise exc
  File "C:\Users\juanc\Documents\GestiFy\Gestify-backend\venv\lib\site-packages\httpcore\_sync\connection_pool.py", line 245, in handle_request
    response = connection.handle_request(request)
  File "C:\Users\juanc\Documents\GestiFy\Gestify-backend\venv\lib\site-packages\httpcore\_sync\connection.py", line 92, in handle_request
    raise exc
  File "C:\Users\juanc\Documents\GestiFy\Gestify-backend\venv\lib\site-packages\httpcore\_sync\connection.py", line 69, in handle_request
    stream = self._connect(request)
  File "C:\Users\juanc\Documents\GestiFy\Gestify-backend\venv\lib\site-packages\httpcore\_sync\connection.py", line 117, in _connect
    stream = self._network_backend.connect_tcp(**kwargs)
  File "C:\Users\juanc\Documents\GestiFy\Gestify-backend\venv\lib\site-packages\httpcore\_backends\sync.py", line 99, in connect_tcp
    with map_exceptions(exc_map):
  File "C:\Users\juanc\AppData\Local\Programs\Python\Python310\lib\contextlib.py", line 153, in __exit__
    self.gen.throw(typ, value, traceback)
  File "C:\Users\juanc\Documents\GestiFy\Gestify-backend\venv\lib\site-packages\httpcore\_exceptions.py", line 14, in map_exceptions
    raise to_exc(exc) from exc
httpcore.ConnectError: [Errno 11001] getaddrinfo failed

The above exception was the direct cause of the following exception:

Traceback (most recent call last):
  File "C:\Users\juanc\Documents\GestiFy\Gestify-backend\venv\lib\site-packages\django\core\handlers\exception.py", line 55, in inner
    response = get_response(request)
  File "C:\Users\juanc\Documents\GestiFy\Gestify-backend\venv\lib\site-packages\django\core\handlers\base.py", line 197, in _get_response
    response = wrapped_callback(request, *callback_args, **callback_kwargs)
  File "C:\Users\juanc\Documents\GestiFy\Gestify-backend\venv\lib\site-packages\django\views\decorators\csrf.py", line 65, in _view_wrapper
    return view_func(request, *args, **kwargs)
  File "C:\Users\juanc\Documents\GestiFy\Gestify-backend\venv\lib\site-packages\rest_framework\viewsets.py", line 125, in view
    return self.dispatch(request, *args, **kwargs)
  File "C:\Users\juanc\Documents\GestiFy\Gestify-backend\venv\lib\site-packages\rest_framework\views.py", line 515, in dispatch
    response = self.handle_exception(exc)
  File "C:\Users\juanc\Documents\GestiFy\Gestify-backend\venv\lib\site-packages\rest_framework\views.py", line 475, in handle_exception
    self.raise_uncaught_exception(exc)
  File "C:\Users\juanc\Documents\GestiFy\Gestify-backend\venv\lib\site-packages\rest_framework\views.py", line 486, in raise_uncaught_exception
    raise exc
  File "C:\Users\juanc\Documents\GestiFy\Gestify-backend\venv\lib\site-packages\rest_framework\views.py", line 512, in dispatch
    response = handler(request, *args, **kwargs)
  File "C:\Users\juanc\Documents\GestiFy\Gestify-backend\eventos\views\events.py", line 157, in create
    response = super().create(request, *args, **kwargs)
  File "C:\Users\juanc\Documents\GestiFy\Gestify-backend\venv\lib\site-packages\rest_framework\mixins.py", line 19, in create
    self.perform_create(serializer)
  File "C:\Users\juanc\Documents\GestiFy\Gestify-backend\venv\lib\site-packages\rest_framework\mixins.py", line 24, in perform_create
    serializer.save()
  File "C:\Users\juanc\Documents\GestiFy\Gestify-backend\venv\lib\site-packages\rest_framework\serializers.py", line 210, in save
    self.instance = self.create(validated_data)
  File "C:\Users\juanc\Documents\GestiFy\Gestify-backend\eventos\serializers.py", line 292, in create
    validated_data["image"] = upload_image_to_supabase(image_file, image_file.name)
  File "C:\Users\juanc\Documents\GestiFy\Gestify-backend\eventos\supabase_service.py", line 18, in upload_image_to_supabase
    res = supabase.storage.from_(SUPABASE_BUCKET).upload(file_name, file_obj.read())
  File "C:\Users\juanc\Documents\GestiFy\Gestify-backend\venv\lib\site-packages\storage3\_sync\file_api.py", line 398, in upload
    return self._request(
  File "C:\Users\juanc\Documents\GestiFy\Gestify-backend\venv\lib\site-packages\storage3\_sync\file_api.py", line 42, in _request
    response = self._client.request(
  File "C:\Users\juanc\Documents\GestiFy\Gestify-backend\venv\lib\site-packages\httpx\_client.py", line 814, in request
    return self.send(request, auth=auth, follow_redirects=follow_redirects)
  File "C:\Users\juanc\Documents\GestiFy\Gestify-backend\venv\lib\site-packages\httpx\_client.py", line 901, in send
    response = self._send_handling_auth(
  File "C:\Users\juanc\Documents\GestiFy\Gestify-backend\venv\lib\site-packages\httpx\_client.py", line 929, in _send_handling_auth
    response = self._send_handling_redirects(
  File "C:\Users\juanc\Documents\GestiFy\Gestify-backend\venv\lib\site-packages\httpx\_client.py", line 966, in _send_handling_redirects
    response = self._send_single_request(request)
  File "C:\Users\juanc\Documents\GestiFy\Gestify-backend\venv\lib\site-packages\httpx\_client.py", line 1002, in _send_single_request
    response = transport.handle_request(request)
  File "C:\Users\juanc\Documents\GestiFy\Gestify-backend\venv\lib\site-packages\httpx\_transports\default.py", line 217, in handle_request
    with map_httpcore_exceptions():
  File "C:\Users\juanc\AppData\Local\Programs\Python\Python310\lib\contextlib.py", line 153, in __exit__
    self.gen.throw(typ, value, traceback)
  File "C:\Users\juanc\Documents\GestiFy\Gestify-backend\venv\lib\site-packages\httpx\_transports\default.py", line 77, in map_httpcore_exceptions
    raise mapped_exc(message) from exc
httpx.ConnectError: [Errno 11001] getaddrinfo failed
ERROR 2025-11-16 01:35:54,531 basehttp "POST /api/events/ HTTP/1.1" 500 281240
INFO 2025-11-16 01:40:22,442 autoreload Watching for file changes with StatReloader
ERROR 2025-11-16 01:40:33,913 log Internal Server Error: /api/events/
Traceback (most recent call last):
  File "C:\Users\juanc\Documents\GestiFy\Gestify-backend\venv\lib\site-packages\httpcore\_exceptions.py", line 10, in map_exceptions
    yield
  File "C:\Users\juanc\Documents\GestiFy\Gestify-backend\venv\lib\site-packages\httpcore\_backends\sync.py", line 100, in connect_tcp
    sock = socket.create_connection(
  File "C:\Users\juanc\AppData\Local\Programs\Python\Python310\lib\socket.py", line 824, in create_connection
    for res in getaddrinfo(host, port, 0, SOCK_STREAM):
  File "C:\Users\juanc\AppData\Local\Programs\Python\Python310\lib\socket.py", line 955, in getaddrinfo
    for res in _socket.getaddrinfo(host, port, family, type, proto, flags):
socket.gaierror: [Errno 11001] getaddrinfo failed

The above exception was the direct cause of the following exception:

Traceback (most recent call last):
  File "C:\Users\juanc\Documents\GestiFy\Gestify-backend\venv\lib\site-packages\httpx\_transports\default.py", line 60, in map_httpcore_exceptions
    yield
  File "C:\Users\juanc\Documents\GestiFy\Gestify-backend\venv\lib\site-packages\httpx\_transports\default.py", line 218, in handle_request
    resp = self._pool.handle_request(req)
  File "C:\Users\juanc\Documents\GestiFy\Gestify-backend\venv\lib\site-packages\httpcore\_sync\connection_pool.py", line 262, in handle_request
    raise exc
  File "C:\Users\juanc\Documents\GestiFy\Gestify-backend\venv\lib\site-packages\httpcore\_sync\connection_pool.py", line 245, in handle_request
    response = connection.handle_request(request)
  File "C:\Users\juanc\Documents\GestiFy\Gestify-backend\venv\lib\site-packages\httpcore\_sync\connection.py", line 92, in handle_request
    raise exc
  File "C:\Users\juanc\Documents\GestiFy\Gestify-backend\venv\lib\site-packages\httpcore\_sync\connection.py", line 69, in handle_request
    stream = self._connect(request)
  File "C:\Users\juanc\Documents\GestiFy\Gestify-backend\venv\lib\site-packages\httpcore\_sync\connection.py", line 117, in _connect
    stream = self._network_backend.connect_tcp(**kwargs)
  File "C:\Users\juanc\Documents\GestiFy\Gestify-backend\venv\lib\site-packages\httpcore\_backends\sync.py", line 99, in connect_tcp
    with map_exceptions(exc_map):
  File "C:\Users\juanc\AppData\Local\Programs\Python\Python310\lib\contextlib.py", line 153, in __exit__
    self.gen.throw(typ, value, traceback)
  File "C:\Users\juanc\Documents\GestiFy\Gestify-backend\venv\lib\site-packages\httpcore\_exceptions.py", line 14, in map_exceptions
    raise to_exc(exc) from exc
httpcore.ConnectError: [Errno 11001] getaddrinfo failed

The above exception was the direct cause of the following exception:

Traceback (most recent call last):
  File "C:\Users\juanc\Documents\GestiFy\Gestify-backend\venv\lib\site-packages\django\core\handlers\exception.py", line 55, in inner
    response = get_response(request)
  File "C:\Users\juanc\Documents\GestiFy\Gestify-backend\venv\lib\site-packages\django\core\handlers\base.py", line 197, in _get_response
    response = wrapped_callback(request, *callback_args, **callback_kwargs)
  File "C:\Users\juanc\Documents\GestiFy\Gestify-backend\venv\lib\site-packages\django\views\decorators\csrf.py", line 65, in _view_wrapper
    return view_func(request, *args, **kwargs)
  File "C:\Users\juanc\Documents\GestiFy\Gestify-backend\venv\lib\site-packages\rest_framework\viewsets.py", line 125, in view
    return self.dispatch(request, *args, **kwargs)
  File "C:\Users\juanc\Documents\GestiFy\Gestify-backend\venv\lib\site-packages\rest_framework\views.py", line 515, in dispatch
    response = self.handle_exception(exc)
  File "C:\Users\juanc\Documents\GestiFy\Gestify-backend\venv\lib\site-packages\rest_framework\views.py", line 475, in handle_exception
    self.raise_uncaught_exception(exc)
  File "C:\Users\juanc\Documents\GestiFy\Gestify-backend\venv\lib\site-packages\rest_framework\views.py", line 486, in raise_uncaught_exception
    raise exc
  File "C:\Users\juanc\Documents\GestiFy\Gestify-backend\venv\lib\site-packages\rest_framework\views.py", line 512, in dispatch
    response = handler(request, *args, **kwargs)
  File "C:\Users\juanc\Documents\GestiFy\Gestify-backend\eventos\views\events.py", line 157, in create
    response = super().create(request, *args, **kwargs)
  File "C:\Users\juanc\Documents\GestiFy\Gestify-backend\venv\lib\site-packages\rest_framework\mixins.py", line 19, in create
    self.perform_create(serializer)
  File "C:\Users\juanc\Documents\GestiFy\Gestify-backend\venv\lib\site-packages\rest_framework\mixins.py", line 24, in perform_create
    serializer.save()
  File "C:\Users\juanc\Documents\GestiFy\Gestify-backend\venv\lib\site-packages\rest_framework\serializers.py", line 210, in save
    self.instance = self.create(validated_data)
  File "C:\Users\juanc\Documents\GestiFy\Gestify-backend\eventos\serializers.py", line 292, in create
    validated_data["image"] = upload_image_to_supabase(image_file, image_file.name)
  File "C:\Users\juanc\Documents\GestiFy\Gestify-backend\eventos\supabase_service.py", line 18, in upload_image_to_supabase
    res = supabase.storage.from_(SUPABASE_BUCKET).upload(file_name, file_obj.read())
  File "C:\Users\juanc\Documents\GestiFy\Gestify-backend\venv\lib\site-packages\storage3\_sync\file_api.py", line 398, in upload
    return self._request(
  File "C:\Users\juanc\Documents\GestiFy\Gestify-backend\venv\lib\site-packages\storage3\_sync\file_api.py", line 42, in _request
    response = self._client.request(
  File "C:\Users\juanc\Documents\GestiFy\Gestify-backend\venv\lib\site-packages\httpx\_client.py", line 814, in request
    return self.send(request, auth=auth, follow_redirects=follow_redirects)
  File "C:\Users\juanc\Documents\GestiFy\Gestify-backend\venv\lib\site-packages\httpx\_client.py", line 901, in send
    response = self._send_handling_auth(
  File "C:\Users\juanc\Documents\GestiFy\Gestify-backend\venv\lib\site-packages\httpx\_client.py", line 929, in _send_handling_auth
    response = self._send_handling_redirects(
  File "C:\Users\juanc\Documents\GestiFy\Gestify-backend\venv\lib\site-packages\httpx\_client.py", line 966, in _send_handling_redirects
    response = self._send_single_request(request)
  File "C:\Users\juanc\Documents\GestiFy\Gestify-backend\venv\lib\site-packages\httpx\_client.py", line 1002, in _send_single_request
    response = transport.handle_request(request)
  File "C:\Users\juanc\Documents\GestiFy\Gestify-backend\venv\lib\site-packages\httpx\_transports\default.py", line 217, in handle_request
    with map_httpcore_exceptions():
  File "C:\Users\juanc\AppData\Local\Programs\Python\Python310\lib\contextlib.py", line 153, in __exit__
    self.gen.throw(typ, value, traceback)
  File "C:\Users\juanc\Documents\GestiFy\Gestify-backend\venv\lib\site-packages\httpx\_transports\default.py", line 77, in map_httpcore_exceptions
    raise mapped_exc(message) from exc
httpx.ConnectError: [Errno 11001] getaddrinfo failed
ERROR 2025-11-16 01:40:33,926 basehttp "POST /api/events/ HTTP/1.1" 500 281273
INFO 2025-11-16 01:53:57,651 autoreload C:\Users\juanc\Documents\GestiFy\Gestify-backend\eventos\models.py changed, reloading.
INFO 2025-11-16 01:53:58,426 autoreload Watching for file changes with StatReloader
INFO 2025-11-16 01:57:51,515 autoreload Watching for file changes with StatReloader
INFO 2025-11-16 01:59:59,203 basehttp "GET /api/ticket-types/ HTTP/1.1" 200 450
INFO 2025-11-16 01:59:59,203 basehttp "GET /api/departments/ HTTP/1.1" 200 906
INFO 2025-11-16 01:59:59,209 basehttp "GET /api/cities/ HTTP/1.1" 200 1380
INFO 2025-11-16 01:59:59,278 basehttp "GET /api/ticket-types/ HTTP/1.1" 200 450
INFO 2025-11-16 01:59:59,291 basehttp "GET /api/departments/ HTTP/1.1" 200 906
INFO 2025-11-16 01:59:59,297 basehttp "GET /api/cities/ HTTP/1.1" 200 1380
INFO 2025-11-16 02:00:46,199 basehttp "GET /api/departments/ HTTP/1.1" 200 906
INFO 2025-11-16 02:00:46,199 basehttp "GET /api/ticket-types/ HTTP/1.1" 200 450
INFO 2025-11-16 02:00:46,223 basehttp "GET /api/cities/ HTTP/1.1" 200 1380
INFO 2025-11-16 02:00:46,290 basehttp "GET /api/departments/ HTTP/1.1" 200 906
INFO 2025-11-16 02:00:46,295 basehttp "GET /api/ticket-types/ HTTP/1.1" 200 450
INFO 2025-11-16 02:00:46,306 basehttp "GET /api/cities/ HTTP/1.1" 200 1380
INFO 2025-11-16 02:01:38,374 basehttp "POST /api/events/ HTTP/1.1" 201 566
INFO 2025-11-16 02:02:00,358 basehttp "GET /api/events/ HTTP/1.1" 200 9151
INFO 2025-11-16 02:02:00,506 basehttp "GET /api/events/ HTTP/1.1" 200 9151
INFO 2025-11-16 02:02:19,200 basehttp "GET /api/events/ HTTP/1.1" 200 9151
INFO 2025-11-16 02:02:19,331 basehttp "GET /api/events/ HTTP/1.1" 200 9151
INFO 2025-11-16 02:12:33,482 basehttp "OPTIONS /api/ticket-types/ HTTP/1.1" 200 0
INFO 2025-11-16 02:12:33,484 basehttp "OPTIONS /api/ticket-types/ HTTP/1.1" 200 0
INFO 2025-11-16 02:12:33,573 basehttp "GET /api/departments/ HTTP/1.1" 200 906
INFO 2025-11-16 02:12:33,576 basehttp "GET /api/ticket-types/ HTTP/1.1" 200 450
INFO 2025-11-16 02:12:33,584 basehttp "GET /api/cities/ HTTP/1.1" 200 1380
INFO 2025-11-16 02:12:33,665 basehttp "GET /api/ticket-types/ HTTP/1.1" 200 450
INFO 2025-11-16 02:12:33,667 basehttp "GET /api/departments/ HTTP/1.1" 200 906
INFO 2025-11-16 02:12:33,667 basehttp "GET /api/cities/ HTTP/1.1" 200 1380
INFO 2025-11-16 02:18:05,630 basehttp "GET /api/ticket-types/ HTTP/1.1" 200 450
INFO 2025-11-16 02:18:05,646 basehttp "GET /api/cities/ HTTP/1.1" 200 1380
INFO 2025-11-16 02:18:05,646 basehttp "GET /api/departments/ HTTP/1.1" 200 906
INFO 2025-11-16 02:18:05,704 basehttp "GET /api/ticket-types/ HTTP/1.1" 200 450
INFO 2025-11-16 02:18:05,727 basehttp "GET /api/cities/ HTTP/1.1" 200 1380
INFO 2025-11-16 02:18:05,727 basehttp "GET /api/departments/ HTTP/1.1" 200 906
INFO 2025-11-16 02:18:12,266 basehttp "GET /api/departments/ HTTP/1.1" 200 906
INFO 2025-11-16 02:18:12,270 basehttp "GET /api/cities/ HTTP/1.1" 200 1380
INFO 2025-11-16 02:18:12,333 basehttp "GET /api/departments/ HTTP/1.1" 200 906
INFO 2025-11-16 02:18:12,337 basehttp "GET /api/cities/ HTTP/1.1" 200 1380
INFO 2025-11-16 02:18:12,362 basehttp "GET /api/ticket-types/ HTTP/1.1" 200 450
INFO 2025-11-16 02:18:12,420 basehttp "GET /api/ticket-types/ HTTP/1.1" 200 450
INFO 2025-11-16 02:19:18,562 basehttp "GET /api/departments/ HTTP/1.1" 200 906
INFO 2025-11-16 02:19:18,563 basehttp "GET /api/ticket-types/ HTTP/1.1" 200 450
INFO 2025-11-16 02:19:18,568 basehttp "GET /api/cities/ HTTP/1.1" 200 1380
INFO 2025-11-16 02:19:18,644 basehttp "GET /api/departments/ HTTP/1.1" 200 906
INFO 2025-11-16 02:19:18,650 basehttp "GET /api/cities/ HTTP/1.1" 200 1380
INFO 2025-11-16 02:19:18,734 basehttp "GET /api/ticket-types/ HTTP/1.1" 200 450
INFO 2025-11-16 02:25:39,118 basehttp "OPTIONS /api/departments/ HTTP/1.1" 200 0
INFO 2025-11-16 02:25:39,124 basehttp "OPTIONS /api/cities/ HTTP/1.1" 200 0
INFO 2025-11-16 02:25:39,192 basehttp "GET /api/ticket-types/ HTTP/1.1" 200 450
INFO 2025-11-16 02:25:39,197 basehttp "GET /api/departments/ HTTP/1.1" 200 906
INFO 2025-11-16 02:25:39,204 basehttp "GET /api/cities/ HTTP/1.1" 200 1380
INFO 2025-11-16 02:25:39,304 basehttp "GET /api/departments/ HTTP/1.1" 200 906
INFO 2025-11-16 02:25:39,312 basehttp "GET /api/ticket-types/ HTTP/1.1" 200 450
INFO 2025-11-16 02:25:39,342 basehttp "GET /api/cities/ HTTP/1.1" 200 1380
INFO 2025-11-16 02:28:18,912 basehttp "GET /api/departments/ HTTP/1.1" 200 906
INFO 2025-11-16 02:28:18,918 basehttp "GET /api/cities/ HTTP/1.1" 200 1380
INFO 2025-11-16 02:28:18,992 basehttp "GET /api/cities/ HTTP/1.1" 200 1380
INFO 2025-11-16 02:28:19,006 basehttp "GET /api/ticket-types/ HTTP/1.1" 200 450
INFO 2025-11-16 02:28:19,067 basehttp "GET /api/ticket-types/ HTTP/1.1" 200 450
INFO 2025-11-16 02:28:19,077 basehttp "GET /api/departments/ HTTP/1.1" 200 906
INFO 2025-11-16 02:30:21,261 basehttp "OPTIONS /api/api/events/ HTTP/1.1" 200 0
WARNING 2025-11-16 02:30:21,282 log Not Found: /api/api/events/
WARNING 2025-11-16 02:30:21,282 basehttp "POST /api/api/events/ HTTP/1.1" 404 10834
WARNING 2025-11-16 02:30:57,749 log Not Found: /api/api/events/
WARNING 2025-11-16 02:30:57,750 basehttp "POST /api/api/events/ HTTP/1.1" 404 10834
INFO 2025-11-16 02:32:21,503 basehttp "GET /api/ticket-types/ HTTP/1.1" 200 450
INFO 2025-11-16 02:32:21,504 basehttp "GET /api/departments/ HTTP/1.1" 200 906
INFO 2025-11-16 02:32:21,513 basehttp "GET /api/cities/ HTTP/1.1" 200 1380
INFO 2025-11-16 02:32:21,585 basehttp "GET /api/ticket-types/ HTTP/1.1" 200 450
INFO 2025-11-16 02:32:21,591 basehttp "GET /api/departments/ HTTP/1.1" 200 906
INFO 2025-11-16 02:32:21,597 basehttp "GET /api/cities/ HTTP/1.1" 200 1380
INFO 2025-11-16 02:33:43,229 basehttp "OPTIONS /api/events/ HTTP/1.1" 200 0
INFO 2025-11-16 02:33:43,320 basehttp "POST /api/events/ HTTP/1.1" 201 492
INFO 2025-11-16 02:36:31,320 basehttp "GET /api/ticket-types/ HTTP/1.1" 200 450
INFO 2025-11-16 02:36:31,320 basehttp "GET /api/departments/ HTTP/1.1" 200 906
INFO 2025-11-16 02:36:31,326 basehttp "GET /api/cities/ HTTP/1.1" 200 1380
INFO 2025-11-16 02:36:31,406 basehttp "GET /api/departments/ HTTP/1.1" 200 906
INFO 2025-11-16 02:36:31,408 basehttp "GET /api/cities/ HTTP/1.1" 200 1380
INFO 2025-11-16 02:36:31,485 basehttp "GET /api/ticket-types/ HTTP/1.1" 200 450
WARNING 2025-11-16 02:39:07,155 log Not Found: /api/api/events/
WARNING 2025-11-16 02:39:07,155 basehttp "POST /api/api/events/ HTTP/1.1" 404 10834
WARNING 2025-11-16 02:39:43,233 log Not Found: /api/api/events/
WARNING 2025-11-16 02:39:43,233 basehttp "POST /api/api/events/ HTTP/1.1" 404 10834
INFO 2025-11-16 02:40:28,188 basehttp "POST /api/events/ HTTP/1.1" 201 525
INFO 2025-11-16 02:48:32,870 autoreload C:\Users\juanc\Documents\GestiFy\Gestify-backend\gestify\settings.py changed, reloading.
INFO 2025-11-16 02:48:33,717 autoreload Watching for file changes with StatReloader
INFO 2025-11-16 02:48:40,997 autoreload Watching for file changes with StatReloader
WARNING 2025-11-16 02:54:22,707 log Not Found: /api/api/events/
WARNING 2025-11-16 02:54:22,708 basehttp "POST /api/api/events/ HTTP/1.1" 404 10834
INFO 2025-11-16 02:54:41,704 basehttp "POST /api/events/ HTTP/1.1" 201 553
WARNING 2025-11-16 02:58:04,108 log Not Found: /api/api/events/
WARNING 2025-11-16 02:58:04,109 basehttp "POST /api/api/events/ HTTP/1.1" 404 10834
WARNING 2025-11-16 02:58:26,922 log Not Found: /api/api/events/
WARNING 2025-11-16 02:58:26,923 basehttp "POST /api/api/events/ HTTP/1.1" 404 10834
WARNING 2025-11-16 02:58:46,378 log Not Found: /api/api/events/
WARNING 2025-11-16 02:58:46,378 basehttp "POST /api/api/events/ HTTP/1.1" 404 10834
INFO 2025-11-16 02:59:12,479 basehttp "GET /api/ticket-types/ HTTP/1.1" 200 450
INFO 2025-11-16 02:59:12,480 basehttp "GET /api/departments/ HTTP/1.1" 200 906
INFO 2025-11-16 02:59:12,485 basehttp "GET /api/cities/ HTTP/1.1" 200 1380
INFO 2025-11-16 02:59:12,541 basehttp "GET /api/departments/ HTTP/1.1" 200 906
INFO 2025-11-16 02:59:12,550 basehttp "GET /api/cities/ HTTP/1.1" 200 1380
INFO 2025-11-16 02:59:12,641 basehttp "GET /api/ticket-types/ HTTP/1.1" 200 450
INFO 2025-11-16 02:59:38,820 basehttp "GET /api/ticket-types/ HTTP/1.1" 200 450
INFO 2025-11-16 02:59:38,829 basehttp "GET /api/departments/ HTTP/1.1" 200 906
INFO 2025-11-16 02:59:38,835 basehttp "GET /api/cities/ HTTP/1.1" 200 1380
INFO 2025-11-16 02:59:38,898 basehttp "GET /api/ticket-types/ HTTP/1.1" 200 450
INFO 2025-11-16 02:59:38,906 basehttp "GET /api/departments/ HTTP/1.1" 200 906
INFO 2025-11-16 02:59:38,920 basehttp "GET /api/cities/ HTTP/1.1" 200 1380
INFO 2025-11-16 03:00:37,751 basehttp "POST /api/events/ HTTP/1.1" 201 539
INFO 2025-11-16 03:11:04,452 basehttp "GET /api/events/ HTTP/1.1" 200 11394
INFO 2025-11-16 03:11:04,602 basehttp "GET /api/events/ HTTP/1.1" 200 11394
INFO 2025-11-16 03:11:25,058 basehttp "POST /api/events/ HTTP/1.1" 201 528
INFO 2025-11-16 03:11:28,760 basehttp "GET /api/events/ HTTP/1.1" 200 11923
INFO 2025-11-16 03:11:28,916 basehttp "GET /api/events/ HTTP/1.1" 200 11923
INFO 2025-11-16 03:22:09,199 basehttp "GET /api/ticket-types/ HTTP/1.1" 200 450
INFO 2025-11-16 03:22:09,213 basehttp "GET /api/cities/ HTTP/1.1" 200 1380
INFO 2025-11-16 03:22:09,322 basehttp "GET /api/departments/ HTTP/1.1" 200 906
INFO 2025-11-16 03:23:48,171 basehttp "POST /api/events/ HTTP/1.1" 201 955
INFO 2025-11-16 03:23:52,677 basehttp "GET /api/events/ HTTP/1.1" 200 12879
INFO 2025-11-16 03:23:52,829 basehttp "GET /api/events/ HTTP/1.1" 200 12879
INFO 2025-11-16 03:26:04,886 basehttp "POST /api/events/ HTTP/1.1" 201 547
INFO 2025-11-16 03:26:53,832 basehttp "GET /api/events/ HTTP/1.1" 200 13427
INFO 2025-11-16 03:26:53,990 basehttp "GET /api/events/ HTTP/1.1" 200 13427
INFO 2025-11-16 03:31:38,101 basehttp "GET /api/ticket-types/ HTTP/1.1" 200 450
INFO 2025-11-16 03:31:38,107 basehttp "GET /api/departments/ HTTP/1.1" 200 906
INFO 2025-11-16 03:31:38,122 basehttp "GET /api/cities/ HTTP/1.1" 200 1380
INFO 2025-11-16 03:31:38,179 basehttp "GET /api/ticket-types/ HTTP/1.1" 200 450
INFO 2025-11-16 03:31:38,187 basehttp "GET /api/departments/ HTTP/1.1" 200 906
INFO 2025-11-16 03:31:38,204 basehttp "GET /api/cities/ HTTP/1.1" 200 1380
INFO 2025-11-16 03:32:17,167 basehttp "GET /api/departments/ HTTP/1.1" 200 906
INFO 2025-11-16 03:32:17,167 basehttp "GET /api/ticket-types/ HTTP/1.1" 200 450
INFO 2025-11-16 03:32:17,262 basehttp "GET /api/ticket-types/ HTTP/1.1" 200 450
INFO 2025-11-16 03:32:17,290 basehttp "GET /api/cities/ HTTP/1.1" 200 1380
INFO 2025-11-16 03:32:17,324 basehttp "GET /api/events/ HTTP/1.1" 200 13427
INFO 2025-11-16 03:32:17,349 basehttp "GET /api/departments/ HTTP/1.1" 200 906
INFO 2025-11-16 03:32:17,366 basehttp "GET /api/cities/ HTTP/1.1" 200 1380
INFO 2025-11-16 03:32:17,498 basehttp "GET /api/events/ HTTP/1.1" 200 13427
INFO 2025-11-16 03:33:04,422 basehttp "GET /api/ticket-types/ HTTP/1.1" 200 450
INFO 2025-11-16 03:33:04,429 basehttp "GET /api/departments/ HTTP/1.1" 200 906
INFO 2025-11-16 03:33:04,452 basehttp "GET /api/cities/ HTTP/1.1" 200 1380
INFO 2025-11-16 03:33:04,506 basehttp "GET /api/ticket-types/ HTTP/1.1" 200 450
INFO 2025-11-16 03:33:04,532 basehttp "GET /api/cities/ HTTP/1.1" 200 1380
INFO 2025-11-16 03:33:04,594 basehttp "GET /api/departments/ HTTP/1.1" 200 906
INFO 2025-11-16 03:34:37,816 basehttp "POST /api/events/ HTTP/1.1" 201 1327
INFO 2025-11-16 03:34:41,177 basehttp "GET /api/events/ HTTP/1.1" 200 14755
INFO 2025-11-16 03:34:41,404 basehttp "GET /api/events/ HTTP/1.1" 200 14755
INFO 2025-11-16 03:34:56,726 basehttp "GET /api/departments/ HTTP/1.1" 200 906
INFO 2025-11-16 03:34:56,737 basehttp "GET /api/cities/ HTTP/1.1" 200 1380
INFO 2025-11-16 03:34:56,795 basehttp "GET /api/departments/ HTTP/1.1" 200 906
INFO 2025-11-16 03:34:56,808 basehttp "GET /api/cities/ HTTP/1.1" 200 1380
INFO 2025-11-16 03:34:56,831 basehttp "GET /api/ticket-types/ HTTP/1.1" 200 450
INFO 2025-11-16 03:34:56,888 basehttp "GET /api/ticket-types/ HTTP/1.1" 200 450
INFO 2025-11-16 03:35:00,047 basehttp "OPTIONS /api/events/mis-eventos/ HTTP/1.1" 200 0
INFO 2025-11-16 03:35:00,051 basehttp "OPTIONS /api/events/mis-eventos/ HTTP/1.1" 200 0
WARNING 2025-11-16 03:35:00,110 log Not Found: /api/events/mis-eventos/
WARNING 2025-11-16 03:35:00,110 basehttp "GET /api/events/mis-eventos/ HTTP/1.1" 404 10857
WARNING 2025-11-16 03:35:00,119 log Not Found: /api/events/mis-eventos/
WARNING 2025-11-16 03:35:00,119 basehttp "GET /api/events/mis-eventos/ HTTP/1.1" 404 10857
INFO 2025-11-16 03:35:00,842 basehttp "GET /api/ticket-types/ HTTP/1.1" 200 450
INFO 2025-11-16 03:35:00,849 basehttp "GET /api/departments/ HTTP/1.1" 200 906
INFO 2025-11-16 03:35:00,855 basehttp "GET /api/cities/ HTTP/1.1" 200 1380
INFO 2025-11-16 03:35:00,910 basehttp "GET /api/ticket-types/ HTTP/1.1" 200 450
INFO 2025-11-16 03:35:00,917 basehttp "GET /api/departments/ HTTP/1.1" 200 906
INFO 2025-11-16 03:35:00,927 basehttp "GET /api/cities/ HTTP/1.1" 200 1380
INFO 2025-11-16 03:35:01,326 basehttp "GET /api/ticket-types/ HTTP/1.1" 200 450
INFO 2025-11-16 03:35:01,376 basehttp "GET /api/ticket-types/ HTTP/1.1" 200 450
INFO 2025-11-16 03:35:02,962 basehttp "GET /api/ticket-types/ HTTP/1.1" 200 450
INFO 2025-11-16 03:35:02,966 basehttp "GET /api/departments/ HTTP/1.1" 200 906
INFO 2025-11-16 03:35:02,966 basehttp "GET /api/cities/ HTTP/1.1" 200 1380
INFO 2025-11-16 03:35:03,025 basehttp "GET /api/ticket-types/ HTTP/1.1" 200 450
INFO 2025-11-16 03:35:03,040 basehttp "GET /api/cities/ HTTP/1.1" 200 1380
INFO 2025-11-16 03:35:03,137 basehttp "GET /api/departments/ HTTP/1.1" 200 906
INFO 2025-11-16 03:46:20,046 autoreload C:\Users\juanc\Documents\GestiFy\Gestify-backend\eventos\models.py changed, reloading.
INFO 2025-11-16 03:46:21,262 autoreload Watching for file changes with StatReloader
INFO 2025-11-16 04:05:48,157 autoreload C:\Users\juanc\Documents\GestiFy\Gestify-backend\eventos\models.py changed, reloading.
INFO 2025-11-16 04:05:48,886 autoreload Watching for file changes with StatReloader
INFO 2025-11-16 04:13:54,476 autoreload C:\Users\juanc\Documents\GestiFy\Gestify-backend\eventos\views\events.py changed, reloading.
INFO 2025-11-16 04:13:55,312 autoreload Watching for file changes with StatReloader
INFO 2025-11-16 04:15:59,570 autoreload C:\Users\juanc\Documents\GestiFy\Gestify-backend\eventos\urls.py changed, reloading.
INFO 2025-11-16 04:16:00,544 autoreload Watching for file changes with StatReloader
INFO 2025-11-16 04:30:50,232 autoreload Watching for file changes with StatReloader
INFO 2025-11-16 04:30:53,721 basehttp "OPTIONS /api/ticket-types/ HTTP/1.1" 200 0
INFO 2025-11-16 04:30:53,723 basehttp "OPTIONS /api/departments/ HTTP/1.1" 200 0
INFO 2025-11-16 04:30:53,725 basehttp "OPTIONS /api/cities/ HTTP/1.1" 200 0
INFO 2025-11-16 04:30:53,727 basehttp "OPTIONS /api/ticket-types/ HTTP/1.1" 200 0
INFO 2025-11-16 04:30:53,730 basehttp "OPTIONS /api/departments/ HTTP/1.1" 200 0
INFO 2025-11-16 04:30:53,734 basehttp "OPTIONS /api/cities/ HTTP/1.1" 200 0
INFO 2025-11-16 04:30:53,823 basehttp "GET /api/cities/ HTTP/1.1" 200 1380
INFO 2025-11-16 04:30:53,827 basehttp "GET /api/departments/ HTTP/1.1" 200 906
INFO 2025-11-16 04:30:53,834 basehttp "GET /api/ticket-types/ HTTP/1.1" 200 450
INFO 2025-11-16 04:30:53,900 basehttp "GET /api/cities/ HTTP/1.1" 200 1380
INFO 2025-11-16 04:30:53,900 basehttp "GET /api/departments/ HTTP/1.1" 200 906
INFO 2025-11-16 04:30:53,908 basehttp "GET /api/ticket-types/ HTTP/1.1" 200 450
INFO 2025-11-16 04:32:29,603 basehttp "POST /api/events/ HTTP/1.1" 201 1331
