WARNING 2025-11-21 14:01:00,714 log Not Found: /
ERROR 2025-11-21 14:06:00,318 log Internal Server Error: /api/events/1/ask-ai/
Traceback (most recent call last):
  File "/usr/local/lib/python3.10/site-packages/django/db/backends/utils.py", line 105, in _execute
    return self.cursor.execute(sql, params)
  File "/usr/local/lib/python3.10/site-packages/django/db/backends/sqlite3/base.py", line 360, in execute
    return super().execute(query, params)
sqlite3.OperationalError: no such column: events_event.creator_id

The above exception was the direct cause of the following exception:

Traceback (most recent call last):
  File "/usr/local/lib/python3.10/site-packages/django/core/handlers/exception.py", line 55, in inner
    response = get_response(request)
  File "/usr/local/lib/python3.10/site-packages/django/core/handlers/base.py", line 197, in _get_response
    response = wrapped_callback(request, *callback_args, **callback_kwargs)
  File "/usr/local/lib/python3.10/site-packages/django/views/decorators/csrf.py", line 65, in _view_wrapper
    return view_func(request, *args, **kwargs)
  File "/usr/local/lib/python3.10/site-packages/django/views/generic/base.py", line 105, in view
    return self.dispatch(request, *args, **kwargs)
  File "/usr/local/lib/python3.10/site-packages/rest_framework/views.py", line 515, in dispatch
    response = self.handle_exception(exc)
  File "/usr/local/lib/python3.10/site-packages/rest_framework/views.py", line 475, in handle_exception
    self.raise_uncaught_exception(exc)
  File "/usr/local/lib/python3.10/site-packages/rest_framework/views.py", line 486, in raise_uncaught_exception
    raise exc
  File "/usr/local/lib/python3.10/site-packages/rest_framework/views.py", line 512, in dispatch
    response = handler(request, *args, **kwargs)
  File "/app/eventos/views/ia_assistant.py", line 42, in post
    event = get_object_or_404(Event, pk=event_id)
  File "/usr/local/lib/python3.10/site-packages/django/shortcuts.py", line 90, in get_object_or_404
    return queryset.get(*args, **kwargs)
  File "/usr/local/lib/python3.10/site-packages/django/db/models/query.py", line 629, in get
    num = len(clone)
  File "/usr/local/lib/python3.10/site-packages/django/db/models/query.py", line 366, in __len__
    self._fetch_all()
  File "/usr/local/lib/python3.10/site-packages/django/db/models/query.py", line 1949, in _fetch_all
    self._result_cache = list(self._iterable_class(self))
  File "/usr/local/lib/python3.10/site-packages/django/db/models/query.py", line 91, in __iter__
    results = compiler.execute_sql(
  File "/usr/local/lib/python3.10/site-packages/django/db/models/sql/compiler.py", line 1623, in execute_sql
    cursor.execute(sql, params)
  File "/usr/local/lib/python3.10/site-packages/django/db/backends/utils.py", line 122, in execute
    return super().execute(sql, params)
  File "/usr/local/lib/python3.10/site-packages/django/db/backends/utils.py", line 79, in execute
    return self._execute_with_wrappers(
  File "/usr/local/lib/python3.10/site-packages/django/db/backends/utils.py", line 92, in _execute_with_wrappers
    return executor(sql, params, many, context)
  File "/usr/local/lib/python3.10/site-packages/django/db/backends/utils.py", line 100, in _execute
    with self.db.wrap_database_errors:
  File "/usr/local/lib/python3.10/site-packages/django/db/utils.py", line 91, in __exit__
    raise dj_exc_value.with_traceback(traceback) from exc_value
  File "/usr/local/lib/python3.10/site-packages/django/db/backends/utils.py", line 105, in _execute
    return self.cursor.execute(sql, params)
  File "/usr/local/lib/python3.10/site-packages/django/db/backends/sqlite3/base.py", line 360, in execute
    return super().execute(query, params)
django.db.utils.OperationalError: no such column: events_event.creator_id
WARNING 2025-11-21 14:08:00,868 log Not Found: /api/events/1/ask-ai/
WARNING 2025-11-21 14:26:42,521 log Not Found: /static/admin/css/base.css
WARNING 2025-11-21 14:26:42,613 log Not Found: /static/admin/css/dark_mode.css
WARNING 2025-11-21 14:26:42,619 log Not Found: /static/admin/css/nav_sidebar.css
WARNING 2025-11-21 14:26:42,624 log Not Found: /static/admin/css/login.css
WARNING 2025-11-21 14:26:42,629 log Not Found: /static/admin/css/responsive.css
WARNING 2025-11-21 14:26:42,634 log Not Found: /static/admin/js/theme.js
WARNING 2025-11-21 14:26:42,883 log Not Found: /static/admin/css/login.css
WARNING 2025-11-21 14:26:42,889 log Not Found: /static/admin/js/nav_sidebar.js
WARNING 2025-11-21 14:26:42,895 log Not Found: /static/admin/css/nav_sidebar.css
WARNING 2025-11-21 14:26:42,900 log Not Found: /static/admin/css/responsive.css
WARNING 2025-11-21 14:37:17,384 log Forbidden (CSRF token from POST incorrect.): /admin/login/
WARNING 2025-11-21 14:44:58,556 log Forbidden: /api/users/login/
WARNING 2025-11-21 14:45:17,006 log Forbidden: /api/users/login/
WARNING 2025-11-21 14:48:07,194 log Forbidden: /api/users/login/
WARNING 2025-11-21 14:54:21,937 log Not Found: /api/catalogs/document-types/
WARNING 2025-11-21 14:55:32,852 log Bad Request: /api/users/register/
